env: load .env
env: export EXPO_PUBLIC_SUPABASE_PUBLISHABLE_KEY EXPO_PUBLIC_SUPABASE_URL EXPO_PUBLIC_USE_BACKEND
› Building app...
Starting a Gradle Daemon (subsequent builds will be faster)
Configuration on demand is an incubating feature.
> Task :expo-gradle-plugin:expo-autolinking-plugin-shared:checkKotlinGradlePluginConfigurationErrors SKIPPED
> Task :gradle-plugin:settings-plugin:checkKotlinGradlePluginConfigurationErrors SKIPPED
> Task :gradle-plugin:shared:checkKotlinGradlePluginConfigurationErrors SKIPPED
> Task :gradle-plugin:shared:compileKotlin UP-TO-DATE
> Task :expo-gradle-plugin:expo-autolinking-plugin-shared:compileKotlin UP-TO-DATE
> Task :gradle-plugin:shared:compileJava NO-SOURCE
> Task :expo-gradle-plugin:expo-autolinking-plugin-shared:compileJava NO-SOURCE
> Task :expo-gradle-plugin:expo-autolinking-plugin-shared:processResources NO-SOURCE
> Task :gradle-plugin:shared:processResources NO-SOURCE
> Task :expo-gradle-plugin:expo-autolinking-plugin-shared:classes UP-TO-DATE
> Task :gradle-plugin:shared:classes UP-TO-DATE
> Task :expo-gradle-plugin:expo-autolinking-plugin-shared:jar UP-TO-DATE
> Task :gradle-plugin:shared:jar UP-TO-DATE
> Task :expo-gradle-plugin:expo-autolinking-settings-plugin:checkKotlinGradlePluginConfigurationErrors SKIPPED
> Task :gradle-plugin:settings-plugin:compileKotlin UP-TO-DATE
> Task :gradle-plugin:settings-plugin:compileJava NO-SOURCE
> Task :gradle-plugin:settings-plugin:pluginDescriptors UP-TO-DATE
> Task :gradle-plugin:settings-plugin:processResources UP-TO-DATE
> Task :gradle-plugin:settings-plugin:classes UP-TO-DATE
> Task :gradle-plugin:settings-plugin:jar UP-TO-DATE
> Task :expo-gradle-plugin:expo-autolinking-settings-plugin:compileKotlin UP-TO-DATE
> Task :expo-gradle-plugin:expo-autolinking-settings-plugin:compileJava NO-SOURCE
> Task :expo-gradle-plugin:expo-autolinking-settings-plugin:pluginDescriptors UP-TO-DATE
> Task :expo-gradle-plugin:expo-autolinking-settings-plugin:processResources UP-TO-DATE
> Task :expo-gradle-plugin:expo-autolinking-settings-plugin:classes UP-TO-DATE
> Task :expo-gradle-plugin:expo-autolinking-settings-plugin:jar UP-TO-DATE
> Task :gradle-plugin:react-native-gradle-plugin:checkKotlinGradlePluginConfigurationErrors SKIPPED
> Task :expo-gradle-plugin:expo-autolinking-plugin:checkKotlinGradlePluginConfigurationErrors SKIPPED
> Task :expo-module-gradle-plugin:checkKotlinGradlePluginConfigurationErrors SKIPPED
> Task :expo-module-gradle-plugin:pluginDescriptors UP-TO-DATE
> Task :expo-module-gradle-plugin:processResources UP-TO-DATE
> Task :expo-gradle-plugin:expo-autolinking-plugin:compileKotlin UP-TO-DATE
> Task :expo-gradle-plugin:expo-autolinking-plugin:compileJava NO-SOURCE
> Task :expo-gradle-plugin:expo-autolinking-plugin:pluginDescriptors UP-TO-DATE
> Task :expo-gradle-plugin:expo-autolinking-plugin:processResources UP-TO-DATE
> Task :expo-gradle-plugin:expo-autolinking-plugin:classes UP-TO-DATE
> Task :expo-gradle-plugin:expo-autolinking-plugin:jar UP-TO-DATE
> Task :expo-gradle-plugin:expo-max-sdk-override-plugin:checkKotlinGradlePluginConfigurationErrors SKIPPED
> Task :gradle-plugin:react-native-gradle-plugin:compileKotlin UP-TO-DATE
> Task :gradle-plugin:react-native-gradle-plugin:compileJava NO-SOURCE
> Task :gradle-plugin:react-native-gradle-plugin:pluginDescriptors UP-TO-DATE
> Task :gradle-plugin:react-native-gradle-plugin:processResources UP-TO-DATE
> Task :gradle-plugin:react-native-gradle-plugin:classes UP-TO-DATE
> Task :gradle-plugin:react-native-gradle-plugin:jar UP-TO-DATE
> Task :expo-gradle-plugin:expo-max-sdk-override-plugin:compileKotlin UP-TO-DATE
> Task :expo-gradle-plugin:expo-max-sdk-override-plugin:compileJava NO-SOURCE
> Task :expo-gradle-plugin:expo-max-sdk-override-plugin:pluginDescriptors UP-TO-DATE
> Task :expo-gradle-plugin:expo-max-sdk-override-plugin:processResources UP-TO-DATE
> Task :expo-gradle-plugin:expo-max-sdk-override-plugin:classes UP-TO-DATE
> Task :expo-gradle-plugin:expo-max-sdk-override-plugin:jar UP-TO-DATE
> Task :expo-module-gradle-plugin:compileKotlin UP-TO-DATE
> Task :expo-module-gradle-plugin:compileJava NO-SOURCE
> Task :expo-module-gradle-plugin:classes UP-TO-DATE
> Task :expo-module-gradle-plugin:jar UP-TO-DATE

> Configure project :
[32m[ExpoRootProject][0m Using the following versions:
  - buildTools:  [32m36.0.0[0m
  - minSdk:      [32m24[0m
  - compileSdk:  [32m36[0m
  - targetSdk:   [32m36[0m
  - ndk:         [32m27.1.12297006[0m
  - kotlin:      [32m2.1.20[0m
  - ksp:         [32m2.1.20-2.0.1[0m

> Configure project :app
 ??  [33mApplying gradle plugin[0m '[32mexpo-max-sdk-override-plugin[0m'
  [expo-max-sdk-override-plugin] This plugin will find all permissions declared with `android:maxSdkVersion`. If there exists a declaration with the `android:maxSdkVersion` annotation and another one without, the plugin will remove the annotation from the final merged manifest. In order to see a log with the changes run a clean build of the app.

> Configure project :expo

Using expo modules
  - [32mexpo-log-box[0m (56.0.13)
  - [32mexpo-constants[0m (56.0.18)

> Configure project :expo-modules-core
Linking react-native-worklets native libs into expo-modules-core build tasks
task ':react-native-worklets:mergeDebugNativeLibs'
task ':react-native-worklets:mergeReleaseNativeLibs'

> Configure project :expo
  - [32mexpo-modules-core[0m (56.0.17)
  - [33m[?][0m [32mexpo-dom-webview[0m (56.0.5)
  - [33m[?][0m [32mexpo-ui[0m (56.0.18)
  - [33m[?][0m [32mexpo-asset[0m (56.0.17)
  - [33m[?][0m [32mexpo-crypto[0m (56.0.4)
  - [33m[?][0m [32mexpo-document-picker[0m (56.0.4)
  - [33m[?][0m [32mexpo-file-system[0m (56.0.8)
  - [33m[?][0m [32mexpo-font[0m (56.0.7)
  - [33m[?][0m [32mexpo-image-loader[0m (56.0.3)
  - [33m[?][0m [32mexpo-image-picker[0m (56.0.18)
  - [33m[?][0m [32mexpo-keep-awake[0m (56.0.3)
  - [33m[?][0m [32mexpo-linking[0m (56.0.14)
  - [33m[?][0m [32mexpo-router[0m (56.2.11)
  - [33m[?][0m [32mexpo-secure-store[0m (56.0.4)
  - [33m[?][0m [32mexpo-splash-screen[0m (56.0.10)
  - [33m[?][0m [32mexpo-sqlite[0m (56.0.5)
  - [33m[?][0m [32mexpo-status-bar[0m (56.0.4)
  - [33m[?][0m [32mexpo-web-browser[0m (56.0.5)


> Task :app:generateAutolinkingNewArchitectureFiles UP-TO-DATE
> Task :app:generateAutolinkingPackageList UP-TO-DATE
> Task :app:generateCodegenSchemaFromJavaScript SKIPPED
> Task :app:generateCodegenArtifactsFromSchema SKIPPED
> Task :app:generateReactNativeEntryPoint UP-TO-DATE
> Task :app:preBuild UP-TO-DATE
> Task :app:preDebugBuild UP-TO-DATE
> Task :app:mergeDebugNativeDebugMetadata NO-SOURCE
> Task :app:checkKotlinGradlePluginConfigurationErrors SKIPPED
> Task :app:generateDebugBuildConfig UP-TO-DATE
> Task :expo:generatePackagesList
> Task :expo:preBuild
> Task :expo:preDebugBuild
> Task :expo:writeDebugAarMetadata UP-TO-DATE
> Task :expo-constants:createExpoConfig
> Task :expo-constants:preBuild
> Task :expo-constants:preDebugBuild
> Task :expo-constants:writeDebugAarMetadata UP-TO-DATE
> Task :expo-log-box:preBuild UP-TO-DATE
> Task :expo-log-box:preDebugBuild UP-TO-DATE
> Task :expo-log-box:writeDebugAarMetadata UP-TO-DATE
> Task :expo-modules-core:preBuild UP-TO-DATE
> Task :expo-modules-core:preDebugBuild UP-TO-DATE
> Task :expo-modules-core:writeDebugAarMetadata UP-TO-DATE
> Task :react-native-async-storage_async-storage:generateCodegenSchemaFromJavaScript UP-TO-DATE
> Task :react-native-async-storage_async-storage:generateCodegenArtifactsFromSchema UP-TO-DATE
> Task :react-native-async-storage_async-storage:preBuild UP-TO-DATE
> Task :react-native-async-storage_async-storage:preDebugBuild UP-TO-DATE
> Task :react-native-async-storage_async-storage:writeDebugAarMetadata UP-TO-DATE
> Task :react-native-community_datetimepicker:generateCodegenSchemaFromJavaScript UP-TO-DATE
> Task :react-native-community_datetimepicker:generateCodegenArtifactsFromSchema UP-TO-DATE
> Task :react-native-community_datetimepicker:preBuild UP-TO-DATE
> Task :react-native-community_datetimepicker:preDebugBuild UP-TO-DATE
> Task :react-native-community_datetimepicker:writeDebugAarMetadata UP-TO-DATE
> Task :react-native-community_netinfo:generateCodegenSchemaFromJavaScript UP-TO-DATE
> Task :react-native-community_netinfo:generateCodegenArtifactsFromSchema UP-TO-DATE
> Task :react-native-community_netinfo:preBuild UP-TO-DATE
> Task :react-native-community_netinfo:preDebugBuild UP-TO-DATE
> Task :react-native-community_netinfo:writeDebugAarMetadata UP-TO-DATE
> Task :react-native-community_slider:generateCodegenSchemaFromJavaScript UP-TO-DATE
> Task :react-native-community_slider:generateCodegenArtifactsFromSchema UP-TO-DATE
> Task :react-native-community_slider:preBuild UP-TO-DATE
> Task :react-native-community_slider:preDebugBuild UP-TO-DATE
> Task :react-native-community_slider:writeDebugAarMetadata UP-TO-DATE
> Task :react-native-gesture-handler:generateCodegenSchemaFromJavaScript UP-TO-DATE
> Task :react-native-gesture-handler:generateCodegenArtifactsFromSchema UP-TO-DATE
> Task :react-native-gesture-handler:preBuild UP-TO-DATE
> Task :react-native-gesture-handler:preDebugBuild UP-TO-DATE
> Task :react-native-gesture-handler:writeDebugAarMetadata UP-TO-DATE
> Task :react-native-masked-view_masked-view:preBuild UP-TO-DATE
> Task :react-native-masked-view_masked-view:preDebugBuild UP-TO-DATE
> Task :react-native-masked-view_masked-view:writeDebugAarMetadata UP-TO-DATE
> Task :react-native-reanimated:assertMinimalReactNativeVersionTask
> Task :react-native-reanimated:assertNewArchitectureEnabledTask SKIPPED
> Task :react-native-reanimated:assertWorkletsVersionTask
> Task :react-native-reanimated:generateCodegenSchemaFromJavaScript UP-TO-DATE
> Task :react-native-reanimated:generateCodegenArtifactsFromSchema UP-TO-DATE
> Task :react-native-reanimated:prepareReanimatedHeadersForPrefabs UP-TO-DATE
> Task :react-native-reanimated:preBuild
> Task :react-native-reanimated:preDebugBuild
> Task :react-native-reanimated:writeDebugAarMetadata UP-TO-DATE
> Task :react-native-safe-area-context:generateCodegenSchemaFromJavaScript UP-TO-DATE
> Task :react-native-safe-area-context:generateCodegenArtifactsFromSchema UP-TO-DATE
> Task :react-native-safe-area-context:preBuild UP-TO-DATE
> Task :react-native-safe-area-context:preDebugBuild UP-TO-DATE
> Task :react-native-safe-area-context:writeDebugAarMetadata UP-TO-DATE
> Task :react-native-screens:generateCodegenSchemaFromJavaScript UP-TO-DATE
> Task :react-native-screens:generateCodegenArtifactsFromSchema UP-TO-DATE
> Task :react-native-screens:preBuild UP-TO-DATE
> Task :react-native-screens:preDebugBuild UP-TO-DATE
> Task :react-native-screens:writeDebugAarMetadata UP-TO-DATE
> Task :react-native-svg:generateCodegenSchemaFromJavaScript UP-TO-DATE
> Task :react-native-svg:generateCodegenArtifactsFromSchema UP-TO-DATE
> Task :react-native-svg:preBuild UP-TO-DATE
> Task :react-native-svg:preDebugBuild UP-TO-DATE
> Task :react-native-svg:writeDebugAarMetadata UP-TO-DATE
> Task :react-native-worklets:assertMinimalReactNativeVersionTask
> Task :react-native-worklets:assertNewArchitectureEnabledTask SKIPPED
> Task :react-native-worklets:generateCodegenSchemaFromJavaScript UP-TO-DATE
> Task :react-native-worklets:generateCodegenArtifactsFromSchema UP-TO-DATE
> Task :react-native-worklets:prepareWorkletsHeadersForPrefabs UP-TO-DATE
> Task :react-native-worklets:preBuild
> Task :react-native-worklets:preDebugBuild
> Task :react-native-worklets:writeDebugAarMetadata UP-TO-DATE
> Task :app:generateDebugResValues UP-TO-DATE
> Task :expo:generateDebugResValues UP-TO-DATE
> Task :expo:generateDebugResources UP-TO-DATE
> Task :expo:packageDebugResources UP-TO-DATE
> Task :expo-constants:generateDebugResValues UP-TO-DATE
> Task :expo-constants:generateDebugResources UP-TO-DATE
> Task :expo-constants:packageDebugResources UP-TO-DATE
> Task :expo-log-box:generateDebugResValues UP-TO-DATE
> Task :expo-log-box:generateDebugResources UP-TO-DATE
> Task :expo-log-box:packageDebugResources UP-TO-DATE
> Task :expo-modules-core:generateDebugResValues UP-TO-DATE
> Task :expo-modules-core:generateDebugResources UP-TO-DATE
> Task :expo-modules-core:packageDebugResources UP-TO-DATE
> Task :react-native-async-storage_async-storage:generateDebugResValues UP-TO-DATE
> Task :react-native-async-storage_async-storage:generateDebugResources UP-TO-DATE
> Task :react-native-async-storage_async-storage:packageDebugResources UP-TO-DATE
> Task :react-native-community_datetimepicker:generateDebugResValues UP-TO-DATE
> Task :react-native-community_datetimepicker:generateDebugResources UP-TO-DATE
> Task :react-native-community_datetimepicker:packageDebugResources UP-TO-DATE
> Task :react-native-community_netinfo:generateDebugResValues UP-TO-DATE
> Task :react-native-community_netinfo:generateDebugResources UP-TO-DATE
> Task :react-native-community_netinfo:packageDebugResources UP-TO-DATE
> Task :react-native-community_slider:generateDebugResValues UP-TO-DATE
> Task :react-native-community_slider:generateDebugResources UP-TO-DATE
> Task :app:checkDebugAarMetadata
> Task :react-native-community_slider:packageDebugResources UP-TO-DATE
> Task :react-native-gesture-handler:generateDebugResValues UP-TO-DATE
> Task :react-native-gesture-handler:generateDebugResources UP-TO-DATE
> Task :react-native-gesture-handler:packageDebugResources UP-TO-DATE
> Task :react-native-masked-view_masked-view:generateDebugResValues UP-TO-DATE
> Task :react-native-masked-view_masked-view:generateDebugResources UP-TO-DATE
> Task :react-native-masked-view_masked-view:packageDebugResources UP-TO-DATE
> Task :react-native-reanimated:generateDebugResValues UP-TO-DATE
> Task :react-native-reanimated:generateDebugResources UP-TO-DATE
> Task :react-native-reanimated:packageDebugResources UP-TO-DATE
> Task :react-native-safe-area-context:generateDebugResValues UP-TO-DATE
> Task :react-native-safe-area-context:generateDebugResources UP-TO-DATE
> Task :react-native-safe-area-context:packageDebugResources UP-TO-DATE
> Task :react-native-screens:generateDebugResValues UP-TO-DATE
> Task :react-native-screens:generateDebugResources UP-TO-DATE
> Task :react-native-screens:packageDebugResources UP-TO-DATE
> Task :react-native-svg:generateDebugResValues UP-TO-DATE
> Task :react-native-svg:generateDebugResources UP-TO-DATE
> Task :react-native-svg:packageDebugResources UP-TO-DATE
> Task :react-native-worklets:generateDebugResValues UP-TO-DATE
> Task :react-native-worklets:generateDebugResources UP-TO-DATE
> Task :react-native-worklets:packageDebugResources UP-TO-DATE
> Task :app:mapDebugSourceSetPaths
> Task :app:generateDebugResources UP-TO-DATE
> Task :app:packageDebugResources UP-TO-DATE
> Task :app:parseDebugLocalResources UP-TO-DATE
> Task :app:createDebugCompatibleScreenManifests UP-TO-DATE
> Task :app:extractDeepLinksDebug UP-TO-DATE
> Task :expo:extractDeepLinksDebug UP-TO-DATE
> Task :expo:processDebugManifest UP-TO-DATE
> Task :expo-constants:extractDeepLinksDebug UP-TO-DATE
> Task :expo-constants:processDebugManifest UP-TO-DATE
> Task :expo-log-box:extractDeepLinksDebug UP-TO-DATE
> Task :expo-log-box:processDebugManifest UP-TO-DATE
> Task :expo-modules-core:extractDeepLinksDebug UP-TO-DATE
> Task :expo-modules-core:processDebugManifest UP-TO-DATE
> Task :react-native-async-storage_async-storage:extractDeepLinksDebug UP-TO-DATE
> Task :react-native-async-storage_async-storage:processDebugManifest UP-TO-DATE
> Task :react-native-community_datetimepicker:extractDeepLinksDebug UP-TO-DATE
> Task :react-native-community_datetimepicker:processDebugManifest UP-TO-DATE
> Task :react-native-community_netinfo:extractDeepLinksDebug UP-TO-DATE
> Task :react-native-community_netinfo:processDebugManifest UP-TO-DATE
> Task :react-native-community_slider:extractDeepLinksDebug UP-TO-DATE
> Task :react-native-community_slider:processDebugManifest UP-TO-DATE
> Task :react-native-gesture-handler:extractDeepLinksDebug UP-TO-DATE
> Task :react-native-gesture-handler:processDebugManifest UP-TO-DATE
> Task :react-native-masked-view_masked-view:extractDeepLinksDebug UP-TO-DATE
> Task :react-native-masked-view_masked-view:processDebugManifest UP-TO-DATE
> Task :react-native-reanimated:extractDeepLinksDebug UP-TO-DATE
> Task :react-native-reanimated:processDebugManifest UP-TO-DATE
> Task :react-native-safe-area-context:extractDeepLinksDebug UP-TO-DATE
> Task :react-native-safe-area-context:processDebugManifest UP-TO-DATE
> Task :react-native-screens:extractDeepLinksDebug UP-TO-DATE
> Task :react-native-screens:processDebugManifest UP-TO-DATE
> Task :react-native-svg:extractDeepLinksDebug UP-TO-DATE
> Task :react-native-svg:processDebugManifest UP-TO-DATE
> Task :react-native-worklets:extractDeepLinksDebug UP-TO-DATE
> Task :react-native-worklets:processDebugManifest UP-TO-DATE

> Task :app:processDebugMainManifest
C:\Users\USER\Documents\Recall\android\app\src\debug\AndroidManifest.xml:6:5-162 Warning:
	application@android:usesCleartextTraffic was tagged at AndroidManifest.xml:6 to replace other declarations but no other declaration present
C:\Users\USER\Documents\Recall\android\app\src\debug\AndroidManifest.xml Warning:
	provider#expo.modules.filesystem.FileSystemFileProvider@android:authorities was tagged at AndroidManifest.xml:0 to replace other declarations but no other declaration present
C:\Users\USER\Documents\Recall\android\app\src\debug\AndroidManifest.xml Warning:
	activity#expo.modules.imagepicker.ExpoCropImageActivity@android:exported was tagged at AndroidManifest.xml:0 to replace other declarations but no other declaration present

> Task :app:expoDebugOverrideMaxSdkConflicts
[33m---------- Expo Max Sdk Override Plugin ----------[0m
[32m>>> No 'android:maxSdkVersion' conflicts found[0m
[33m--------------------------------------------------[0m

> Task :app:processDebugManifest
> Task :expo:compileDebugLibraryResources UP-TO-DATE
> Task :expo:parseDebugLocalResources UP-TO-DATE
> Task :expo:generateDebugRFile UP-TO-DATE
> Task :expo-constants:compileDebugLibraryResources UP-TO-DATE
> Task :expo-constants:parseDebugLocalResources UP-TO-DATE
> Task :expo-constants:generateDebugRFile UP-TO-DATE
> Task :expo-log-box:compileDebugLibraryResources UP-TO-DATE
> Task :expo-log-box:parseDebugLocalResources UP-TO-DATE
> Task :expo-log-box:generateDebugRFile UP-TO-DATE
> Task :expo-modules-core:compileDebugLibraryResources UP-TO-DATE
> Task :expo-modules-core:parseDebugLocalResources UP-TO-DATE
> Task :expo-modules-core:generateDebugRFile UP-TO-DATE
> Task :react-native-async-storage_async-storage:compileDebugLibraryResources UP-TO-DATE
> Task :react-native-async-storage_async-storage:parseDebugLocalResources UP-TO-DATE
> Task :react-native-async-storage_async-storage:generateDebugRFile UP-TO-DATE
> Task :react-native-community_datetimepicker:compileDebugLibraryResources UP-TO-DATE
> Task :react-native-community_datetimepicker:parseDebugLocalResources UP-TO-DATE
> Task :react-native-community_datetimepicker:generateDebugRFile UP-TO-DATE
> Task :react-native-community_netinfo:compileDebugLibraryResources UP-TO-DATE
> Task :react-native-community_netinfo:parseDebugLocalResources UP-TO-DATE
> Task :react-native-community_netinfo:generateDebugRFile UP-TO-DATE
> Task :react-native-community_slider:compileDebugLibraryResources UP-TO-DATE
> Task :react-native-community_slider:parseDebugLocalResources UP-TO-DATE
> Task :react-native-community_slider:generateDebugRFile UP-TO-DATE
> Task :react-native-gesture-handler:compileDebugLibraryResources UP-TO-DATE
> Task :react-native-gesture-handler:parseDebugLocalResources UP-TO-DATE
> Task :react-native-gesture-handler:generateDebugRFile UP-TO-DATE
> Task :react-native-masked-view_masked-view:compileDebugLibraryResources UP-TO-DATE
> Task :react-native-masked-view_masked-view:parseDebugLocalResources UP-TO-DATE
> Task :react-native-masked-view_masked-view:generateDebugRFile UP-TO-DATE
> Task :react-native-reanimated:compileDebugLibraryResources UP-TO-DATE
> Task :react-native-reanimated:parseDebugLocalResources UP-TO-DATE
> Task :react-native-reanimated:generateDebugRFile UP-TO-DATE
> Task :react-native-safe-area-context:compileDebugLibraryResources UP-TO-DATE
> Task :react-native-safe-area-context:parseDebugLocalResources UP-TO-DATE
> Task :react-native-safe-area-context:generateDebugRFile UP-TO-DATE
> Task :react-native-screens:compileDebugLibraryResources UP-TO-DATE
> Task :react-native-screens:parseDebugLocalResources UP-TO-DATE
> Task :react-native-screens:generateDebugRFile UP-TO-DATE
> Task :react-native-svg:compileDebugLibraryResources UP-TO-DATE
> Task :react-native-svg:parseDebugLocalResources UP-TO-DATE
> Task :react-native-svg:generateDebugRFile UP-TO-DATE
> Task :react-native-worklets:compileDebugLibraryResources UP-TO-DATE
> Task :react-native-worklets:parseDebugLocalResources UP-TO-DATE
> Task :react-native-worklets:generateDebugRFile UP-TO-DATE
> Task :expo:checkKotlinGradlePluginConfigurationErrors SKIPPED
> Task :expo:generateDebugBuildConfig UP-TO-DATE
> Task :expo-constants:checkKotlinGradlePluginConfigurationErrors SKIPPED
> Task :expo-constants:generateDebugBuildConfig UP-TO-DATE
> Task :expo-modules-core:checkKotlinGradlePluginConfigurationErrors SKIPPED
> Task :expo-modules-core:generateDebugBuildConfig UP-TO-DATE
> Task :react-native-worklets:checkKotlinGradlePluginConfigurationErrors SKIPPED
> Task :react-native-worklets:generateDebugBuildConfig UP-TO-DATE
> Task :react-native-worklets:compileDebugKotlin NO-SOURCE
> Task :react-native-worklets:javaPreCompileDebug UP-TO-DATE
> Task :react-native-worklets:compileDebugJavaWithJavac UP-TO-DATE
> Task :react-native-worklets:bundleLibCompileToJarDebug UP-TO-DATE
> Task :app:mergeDebugResources
> Task :expo-modules-core:compileDebugKotlin UP-TO-DATE
> Task :expo-modules-core:javaPreCompileDebug UP-TO-DATE
> Task :expo-modules-core:compileDebugJavaWithJavac UP-TO-DATE
> Task :expo-modules-core:bundleLibCompileToJarDebug UP-TO-DATE
> Task :expo-constants:compileDebugKotlin UP-TO-DATE
> Task :expo-constants:javaPreCompileDebug UP-TO-DATE
> Task :expo-constants:compileDebugJavaWithJavac UP-TO-DATE
> Task :expo-constants:bundleLibCompileToJarDebug UP-TO-DATE
> Task :expo-log-box:checkKotlinGradlePluginConfigurationErrors SKIPPED
> Task :expo-log-box:generateDebugBuildConfig UP-TO-DATE
> Task :expo-log-box:compileDebugKotlin UP-TO-DATE
> Task :expo-log-box:javaPreCompileDebug UP-TO-DATE
> Task :expo-log-box:compileDebugJavaWithJavac UP-TO-DATE
> Task :expo-log-box:bundleLibCompileToJarDebug UP-TO-DATE
> Task :expo:javaPreCompileDebug UP-TO-DATE
> Task :react-native-async-storage_async-storage:generateDebugBuildConfig UP-TO-DATE
> Task :react-native-async-storage_async-storage:javaPreCompileDebug UP-TO-DATE
> Task :react-native-async-storage_async-storage:compileDebugJavaWithJavac UP-TO-DATE
> Task :react-native-async-storage_async-storage:bundleLibCompileToJarDebug UP-TO-DATE
> Task :react-native-community_datetimepicker:checkKotlinGradlePluginConfigurationErrors SKIPPED
> Task :react-native-community_datetimepicker:generateDebugBuildConfig UP-TO-DATE
> Task :react-native-community_datetimepicker:compileDebugKotlin UP-TO-DATE
> Task :react-native-community_datetimepicker:javaPreCompileDebug UP-TO-DATE
> Task :react-native-community_datetimepicker:compileDebugJavaWithJavac UP-TO-DATE
> Task :react-native-community_datetimepicker:bundleLibCompileToJarDebug UP-TO-DATE
> Task :react-native-community_netinfo:generateDebugBuildConfig UP-TO-DATE
> Task :react-native-community_netinfo:javaPreCompileDebug UP-TO-DATE
> Task :react-native-community_netinfo:compileDebugJavaWithJavac UP-TO-DATE
> Task :react-native-community_netinfo:bundleLibCompileToJarDebug UP-TO-DATE
> Task :react-native-community_slider:generateDebugBuildConfig UP-TO-DATE
> Task :react-native-community_slider:javaPreCompileDebug UP-TO-DATE
> Task :react-native-community_slider:compileDebugJavaWithJavac UP-TO-DATE
> Task :react-native-community_slider:bundleLibCompileToJarDebug UP-TO-DATE
> Task :react-native-gesture-handler:checkKotlinGradlePluginConfigurationErrors SKIPPED
> Task :react-native-gesture-handler:generateDebugBuildConfig UP-TO-DATE
> Task :react-native-reanimated:generateDebugBuildConfig UP-TO-DATE
> Task :react-native-reanimated:javaPreCompileDebug UP-TO-DATE
> Task :react-native-reanimated:compileDebugJavaWithJavac UP-TO-DATE
> Task :react-native-reanimated:bundleLibCompileToJarDebug UP-TO-DATE
> Task :react-native-svg:generateDebugBuildConfig UP-TO-DATE
> Task :react-native-svg:javaPreCompileDebug UP-TO-DATE
> Task :react-native-svg:compileDebugJavaWithJavac UP-TO-DATE
> Task :react-native-svg:bundleLibCompileToJarDebug UP-TO-DATE
> Task :react-native-gesture-handler:compileDebugKotlin UP-TO-DATE
> Task :react-native-gesture-handler:javaPreCompileDebug UP-TO-DATE
> Task :react-native-gesture-handler:compileDebugJavaWithJavac UP-TO-DATE
> Task :react-native-gesture-handler:bundleLibCompileToJarDebug UP-TO-DATE
> Task :react-native-masked-view_masked-view:generateDebugBuildConfig UP-TO-DATE
> Task :react-native-masked-view_masked-view:javaPreCompileDebug UP-TO-DATE
> Task :react-native-masked-view_masked-view:compileDebugJavaWithJavac UP-TO-DATE
> Task :react-native-masked-view_masked-view:bundleLibCompileToJarDebug UP-TO-DATE
> Task :react-native-safe-area-context:checkKotlinGradlePluginConfigurationErrors SKIPPED
> Task :react-native-safe-area-context:generateDebugBuildConfig UP-TO-DATE
> Task :react-native-safe-area-context:compileDebugKotlin UP-TO-DATE
> Task :react-native-safe-area-context:javaPreCompileDebug UP-TO-DATE
> Task :react-native-safe-area-context:compileDebugJavaWithJavac UP-TO-DATE
> Task :react-native-safe-area-context:bundleLibCompileToJarDebug UP-TO-DATE
> Task :react-native-screens:checkKotlinGradlePluginConfigurationErrors SKIPPED
> Task :react-native-screens:generateDebugBuildConfig UP-TO-DATE
> Task :react-native-screens:compileDebugKotlin UP-TO-DATE
> Task :react-native-screens:javaPreCompileDebug UP-TO-DATE
> Task :react-native-screens:compileDebugJavaWithJavac UP-TO-DATE
> Task :react-native-screens:bundleLibCompileToJarDebug UP-TO-DATE
> Task :app:javaPreCompileDebug UP-TO-DATE
> Task :app:mergeDebugShaders UP-TO-DATE
> Task :app:compileDebugShaders NO-SOURCE
> Task :app:generateDebugAssets UP-TO-DATE
> Task :expo:mergeDebugShaders UP-TO-DATE
> Task :expo:compileDebugShaders NO-SOURCE
> Task :expo:generateDebugAssets UP-TO-DATE
> Task :expo:mergeDebugAssets UP-TO-DATE
> Task :expo-constants:mergeDebugShaders UP-TO-DATE
> Task :expo-constants:compileDebugShaders NO-SOURCE
> Task :expo-constants:generateDebugAssets UP-TO-DATE
> Task :expo-constants:mergeDebugAssets
> Task :expo-log-box:mergeDebugShaders UP-TO-DATE
> Task :expo-log-box:compileDebugShaders NO-SOURCE
> Task :expo-log-box:generateDebugAssets UP-TO-DATE
> Task :expo-log-box:mergeDebugAssets UP-TO-DATE
> Task :expo-modules-core:mergeDebugShaders UP-TO-DATE
> Task :expo-modules-core:compileDebugShaders NO-SOURCE
> Task :expo-modules-core:generateDebugAssets UP-TO-DATE
> Task :expo-modules-core:mergeDebugAssets UP-TO-DATE
> Task :react-native-async-storage_async-storage:mergeDebugShaders UP-TO-DATE
> Task :react-native-async-storage_async-storage:compileDebugShaders NO-SOURCE
> Task :react-native-async-storage_async-storage:generateDebugAssets UP-TO-DATE
> Task :react-native-async-storage_async-storage:mergeDebugAssets UP-TO-DATE
> Task :react-native-community_datetimepicker:mergeDebugShaders UP-TO-DATE
> Task :react-native-community_datetimepicker:compileDebugShaders NO-SOURCE
> Task :react-native-community_datetimepicker:generateDebugAssets UP-TO-DATE
> Task :react-native-community_datetimepicker:mergeDebugAssets UP-TO-DATE
> Task :react-native-community_netinfo:mergeDebugShaders UP-TO-DATE
> Task :react-native-community_netinfo:compileDebugShaders NO-SOURCE
> Task :react-native-community_netinfo:generateDebugAssets UP-TO-DATE
> Task :react-native-community_netinfo:mergeDebugAssets UP-TO-DATE
> Task :react-native-community_slider:mergeDebugShaders UP-TO-DATE
> Task :react-native-community_slider:compileDebugShaders NO-SOURCE
> Task :react-native-community_slider:generateDebugAssets UP-TO-DATE
> Task :react-native-community_slider:mergeDebugAssets UP-TO-DATE
> Task :react-native-gesture-handler:mergeDebugShaders UP-TO-DATE
> Task :react-native-gesture-handler:compileDebugShaders NO-SOURCE
> Task :react-native-gesture-handler:generateDebugAssets UP-TO-DATE
> Task :react-native-gesture-handler:mergeDebugAssets UP-TO-DATE
> Task :react-native-masked-view_masked-view:mergeDebugShaders UP-TO-DATE
> Task :react-native-masked-view_masked-view:compileDebugShaders NO-SOURCE
> Task :react-native-masked-view_masked-view:generateDebugAssets UP-TO-DATE
> Task :react-native-masked-view_masked-view:mergeDebugAssets UP-TO-DATE
> Task :react-native-reanimated:mergeDebugShaders UP-TO-DATE
> Task :react-native-reanimated:compileDebugShaders NO-SOURCE
> Task :react-native-reanimated:generateDebugAssets UP-TO-DATE
> Task :react-native-reanimated:mergeDebugAssets UP-TO-DATE
> Task :react-native-safe-area-context:mergeDebugShaders UP-TO-DATE
> Task :react-native-safe-area-context:compileDebugShaders NO-SOURCE
> Task :react-native-safe-area-context:generateDebugAssets UP-TO-DATE
> Task :react-native-safe-area-context:mergeDebugAssets UP-TO-DATE
> Task :react-native-screens:mergeDebugShaders UP-TO-DATE
> Task :react-native-screens:compileDebugShaders NO-SOURCE
> Task :react-native-screens:generateDebugAssets UP-TO-DATE
> Task :react-native-screens:mergeDebugAssets UP-TO-DATE
> Task :react-native-svg:mergeDebugShaders UP-TO-DATE
> Task :react-native-svg:compileDebugShaders NO-SOURCE
> Task :react-native-svg:generateDebugAssets UP-TO-DATE
> Task :react-native-svg:mergeDebugAssets UP-TO-DATE
> Task :react-native-worklets:mergeDebugShaders UP-TO-DATE
> Task :react-native-worklets:compileDebugShaders NO-SOURCE
> Task :react-native-worklets:generateDebugAssets UP-TO-DATE
> Task :react-native-worklets:mergeDebugAssets UP-TO-DATE
> Task :app:mergeDebugAssets
> Task :react-native-community_datetimepicker:bundleLibRuntimeToJarDebug UP-TO-DATE
> Task :react-native-gesture-handler:bundleLibRuntimeToJarDebug UP-TO-DATE
> Task :app:compressDebugAssets
> Task :react-native-safe-area-context:bundleLibRuntimeToJarDebug UP-TO-DATE
> Task :react-native-screens:bundleLibRuntimeToJarDebug UP-TO-DATE
> Task :react-native-reanimated:bundleLibRuntimeToJarDebug UP-TO-DATE
> Task :expo-modules-core:bundleLibRuntimeToJarDebug UP-TO-DATE
> Task :react-native-worklets:bundleLibRuntimeToJarDebug UP-TO-DATE
> Task :react-native-async-storage_async-storage:bundleLibRuntimeToJarDebug UP-TO-DATE
> Task :react-native-community_netinfo:bundleLibRuntimeToJarDebug UP-TO-DATE
> Task :react-native-community_slider:bundleLibRuntimeToJarDebug UP-TO-DATE
> Task :react-native-svg:bundleLibRuntimeToJarDebug UP-TO-DATE
> Task :react-native-masked-view_masked-view:bundleLibRuntimeToJarDebug UP-TO-DATE
> Task :expo-log-box:bundleLibRuntimeToJarDebug UP-TO-DATE
> Task :expo-constants:bundleLibRuntimeToJarDebug UP-TO-DATE
> Task :app:desugarDebugFileDependencies UP-TO-DATE
> Task :expo-constants:processDebugJavaRes UP-TO-DATE
> Task :expo-log-box:processDebugJavaRes UP-TO-DATE
> Task :expo-modules-core:processDebugJavaRes UP-TO-DATE
> Task :react-native-async-storage_async-storage:processDebugJavaRes NO-SOURCE
> Task :react-native-community_datetimepicker:processDebugJavaRes UP-TO-DATE
> Task :react-native-community_netinfo:processDebugJavaRes NO-SOURCE
> Task :react-native-community_slider:processDebugJavaRes NO-SOURCE
> Task :react-native-gesture-handler:processDebugJavaRes UP-TO-DATE
> Task :react-native-masked-view_masked-view:processDebugJavaRes NO-SOURCE
> Task :react-native-reanimated:processDebugJavaRes NO-SOURCE
> Task :react-native-safe-area-context:processDebugJavaRes UP-TO-DATE
> Task :react-native-screens:processDebugJavaRes UP-TO-DATE
> Task :react-native-svg:processDebugJavaRes NO-SOURCE
> Task :react-native-worklets:processDebugJavaRes NO-SOURCE
> Task :react-native-community_datetimepicker:bundleLibRuntimeToDirDebug UP-TO-DATE
> Task :react-native-gesture-handler:bundleLibRuntimeToDirDebug UP-TO-DATE
> Task :react-native-safe-area-context:bundleLibRuntimeToDirDebug UP-TO-DATE
> Task :react-native-screens:bundleLibRuntimeToDirDebug UP-TO-DATE
> Task :react-native-reanimated:bundleLibRuntimeToDirDebug UP-TO-DATE
> Task :app:checkDebugDuplicateClasses
> Task :expo-modules-core:bundleLibRuntimeToDirDebug UP-TO-DATE
> Task :react-native-worklets:bundleLibRuntimeToDirDebug UP-TO-DATE
> Task :react-native-async-storage_async-storage:bundleLibRuntimeToDirDebug UP-TO-DATE
> Task :react-native-community_netinfo:bundleLibRuntimeToDirDebug UP-TO-DATE
> Task :react-native-community_slider:bundleLibRuntimeToDirDebug UP-TO-DATE
> Task :react-native-svg:bundleLibRuntimeToDirDebug UP-TO-DATE
> Task :react-native-masked-view_masked-view:bundleLibRuntimeToDirDebug UP-TO-DATE
> Task :expo-log-box:bundleLibRuntimeToDirDebug UP-TO-DATE
> Task :expo-constants:bundleLibRuntimeToDirDebug UP-TO-DATE
> Task :expo:compileDebugKotlin
> Task :react-native-worklets:configureCMakeDebug[x86_64]
> Task :expo:compileDebugJavaWithJavac UP-TO-DATE
> Task :expo:processDebugJavaRes UP-TO-DATE
> Task :app:processDebugManifestForPackage
> Task :expo:bundleLibRuntimeToDirDebug
> Task :expo:bundleLibRuntimeToJarDebug
> Task :expo:bundleLibCompileToJarDebug
> Task :react-native-worklets:buildCMakeDebug[x86_64][worklets]
> Task :react-native-worklets:externalNativeBuildDebug
> Task :react-native-worklets:generateJsonModelDebug
> Task :react-native-worklets:prefabDebugConfigurePackage
> Task :react-native-reanimated:configureCMakeDebug[x86_64]
> Task :react-native-reanimated:generateJsonModelDebug
> Task :react-native-reanimated:prefabDebugConfigurePackage UP-TO-DATE
> Task :app:mergeLibDexDebug
> Task :app:mergeExtDexDebug
> Task :app:processDebugResources
> Task :app:configureCMakeDebug[x86_64]
> Task :react-native-worklets:prefabDebugPackage UP-TO-DATE
> Task :app:compileDebugKotlin
> Task :react-native-reanimated:buildCMakeDebug[x86_64][reanimated]
> Task :app:compileDebugJavaWithJavac UP-TO-DATE
> Task :app:dexBuilderDebug
> Task :app:mergeDebugGlobalSynthetics UP-TO-DATE
> Task :app:processDebugJavaRes UP-TO-DATE
> Task :react-native-worklets:mergeDebugJniLibFolders UP-TO-DATE
> Task :react-native-worklets:mergeDebugNativeLibs UP-TO-DATE
> Task :react-native-worklets:copyDebugJniLibsProjectOnly UP-TO-DATE
> Task :react-native-reanimated:externalNativeBuildDebug
> Task :react-native-reanimated:prefabDebugPackage UP-TO-DATE
> Task :app:mergeProjectDexDebug
> Task :app:buildCMakeDebug[x86_64]
> Task :app:mergeDebugJniLibFolders UP-TO-DATE
> Task :expo:mergeDebugJniLibFolders UP-TO-DATE
> Task :expo:mergeDebugNativeLibs NO-SOURCE
> Task :expo:copyDebugJniLibsProjectOnly UP-TO-DATE
> Task :expo-constants:mergeDebugJniLibFolders UP-TO-DATE
> Task :expo-constants:mergeDebugNativeLibs NO-SOURCE
> Task :expo-constants:copyDebugJniLibsProjectOnly UP-TO-DATE
> Task :expo-log-box:mergeDebugJniLibFolders UP-TO-DATE
> Task :expo-log-box:mergeDebugNativeLibs NO-SOURCE
> Task :expo-log-box:copyDebugJniLibsProjectOnly UP-TO-DATE
> Task :expo-modules-core:configureCMakeDebug[x86_64]
> Task :expo-modules-core:buildCMakeDebug[x86_64]
> Task :expo-modules-core:mergeDebugJniLibFolders UP-TO-DATE
> Task :expo-modules-core:mergeDebugNativeLibs UP-TO-DATE
> Task :expo-modules-core:copyDebugJniLibsProjectOnly UP-TO-DATE
> Task :react-native-async-storage_async-storage:mergeDebugJniLibFolders UP-TO-DATE
> Task :react-native-async-storage_async-storage:mergeDebugNativeLibs NO-SOURCE
> Task :react-native-async-storage_async-storage:copyDebugJniLibsProjectOnly UP-TO-DATE
> Task :react-native-community_datetimepicker:mergeDebugJniLibFolders UP-TO-DATE
> Task :react-native-community_datetimepicker:mergeDebugNativeLibs NO-SOURCE
> Task :react-native-community_datetimepicker:copyDebugJniLibsProjectOnly UP-TO-DATE
> Task :react-native-community_netinfo:mergeDebugJniLibFolders UP-TO-DATE
> Task :react-native-community_netinfo:mergeDebugNativeLibs NO-SOURCE
> Task :react-native-community_netinfo:copyDebugJniLibsProjectOnly UP-TO-DATE
> Task :react-native-community_slider:mergeDebugJniLibFolders UP-TO-DATE
> Task :react-native-community_slider:mergeDebugNativeLibs NO-SOURCE
> Task :react-native-community_slider:copyDebugJniLibsProjectOnly UP-TO-DATE
> Task :react-native-gesture-handler:configureCMakeDebug[x86_64]
> Task :react-native-gesture-handler:buildCMakeDebug[x86_64]
> Task :react-native-gesture-handler:mergeDebugJniLibFolders UP-TO-DATE
> Task :react-native-gesture-handler:mergeDebugNativeLibs UP-TO-DATE
> Task :react-native-gesture-handler:copyDebugJniLibsProjectOnly UP-TO-DATE
> Task :react-native-masked-view_masked-view:mergeDebugJniLibFolders UP-TO-DATE
> Task :react-native-masked-view_masked-view:mergeDebugNativeLibs NO-SOURCE
> Task :react-native-masked-view_masked-view:copyDebugJniLibsProjectOnly UP-TO-DATE
> Task :react-native-reanimated:mergeDebugJniLibFolders UP-TO-DATE
> Task :react-native-reanimated:mergeDebugNativeLibs UP-TO-DATE
> Task :react-native-reanimated:copyDebugJniLibsProjectOnly UP-TO-DATE
> Task :react-native-safe-area-context:mergeDebugJniLibFolders UP-TO-DATE
> Task :react-native-safe-area-context:mergeDebugNativeLibs NO-SOURCE
> Task :react-native-safe-area-context:copyDebugJniLibsProjectOnly UP-TO-DATE
> Task :react-native-screens:configureCMakeDebug[x86_64]
> Task :react-native-screens:buildCMakeDebug[x86_64]
> Task :react-native-screens:mergeDebugJniLibFolders UP-TO-DATE
> Task :react-native-screens:mergeDebugNativeLibs UP-TO-DATE
> Task :react-native-screens:copyDebugJniLibsProjectOnly UP-TO-DATE
> Task :react-native-svg:mergeDebugJniLibFolders UP-TO-DATE
> Task :react-native-svg:mergeDebugNativeLibs NO-SOURCE
> Task :react-native-svg:copyDebugJniLibsProjectOnly UP-TO-DATE
> Task :app:mergeDebugNativeLibs UP-TO-DATE
> Task :app:stripDebugDebugSymbols UP-TO-DATE
> Task :app:validateSigningDebug UP-TO-DATE
> Task :app:writeDebugAppMetadata UP-TO-DATE
> Task :app:writeDebugSigningConfigVersions UP-TO-DATE
> Task :app:mergeDebugJavaResource
> Task :app:packageDebug
> Task :app:createDebugApkListingFileRedirect UP-TO-DATE
> Task :app:assembleDebug

[Incubating] Problems report is available at: file:///C:/Users/USER/Documents/Recall/android/build/reports/problems/problems-report.html

Deprecated Gradle features were used in this build, making it incompatible with Gradle 10.

You can use '--warning-mode all' to show the individual deprecation warnings and determine if they come from your own scripts or plugins.

For more on this, please refer to https://docs.gradle.org/9.3.1/userguide/command_line_interface.html#sec:command_line_warnings in the Gradle documentation.

BUILD SUCCESSFUL in 2m 19s
420 actionable tasks: 43 executed, 377 up-to-date
Using src/app as the root directory for Expo Router.
Starting Metro Bundler

Waiting on http://localhost:8081
› Installing C:\Users\USER\Documents\Recall\android\app\build\outputs\apk\debug\app-debug.apk
› Opening recall://expo-development-client/?url=http%3A%2F%2F10.193.248.210%3A8081 on Pixel_8_API_35

› Logs for your project will appear below.
Android Bundled 8461ms node_modules\expo-router\entry.js (3267 modules)
 WARN  SafeAreaView has been deprecated and will be removed in a future release. Please use 'react-native-safe-area-context' instead. See https://github.com/AppAndFlow/react-native-safe-area-context
Android Bundled 2883ms node_modules\expo-router\entry.js (1 module)
 WARN  SafeAreaView has been deprecated and will be removed in a future release. Please use 'react-native-safe-area-context' instead. See https://github.com/AppAndFlow/react-native-safe-area-context
|  🐥 [tamagui]  [33mnative[0m note-form                  ·    2 found   ·    2 opt   ·    2 flat   950ms 
|  🐥 [tamagui]  [33mnative[0m note-form                  ·    2 found   ·    2 opt   ·    2 flat    14ms 
|  🐥 [tamagui]  [33mnative[0m note-form                  ·    2 found   ·    2 opt   ·    2 flat     7ms 
|  🐥 [tamagui]  [33mnative[0m link-form                  ·    4 found   ·    4 opt   ·    4 flat    76ms 
|  🐥 [tamagui]  [33mnative[0m link-form                  ·    4 found   ·    4 opt   ·    4 flat    51ms 
|  🐥 [tamagui]  [33mnative[0m link-form                  ·    4 found   ·    4 opt   ·    4 flat    19ms 
|  🐥 [tamagui]  [33mnative[0m file-form                  ·    3 found   ·    3 opt   ·    3 flat    20ms 
|  🐥 [tamagui]  [33mnative[0m file-form                  ·    3 found   ·    3 opt   ·    3 flat    41ms 
|  🐥 [tamagui]  [33mnative[0m screenshot-form            ·    2 found   ·    2 opt   ·    2 flat    65ms 
|  🐥 [tamagui]  [33mnative[0m screenshot-form            ·    2 found   ·    2 opt   ·    2 flat    17ms 
|  🐥 [tamagui]  [33mnative[0m collection-form            ·    3 found   ·    3 opt   ·    3 flat    17ms 
|  🐥 [tamagui]  [33mnative[0m collection-form            ·    3 found   ·    3 opt   ·    3 flat    11ms 
|  🐥 [tamagui]  [33mnative[0m account-form               ·    2 found   ·    2 opt   ·    2 flat    43ms 
|  🐥 [tamagui]  [33mnative[0m account-form               ·    2 found   ·    2 opt   ·    2 flat    24ms 
|  🐥 [tamagui]  [33mnative[0m account-form               ·    2 found   ·    2 opt   ·    2 flat     5ms 
|  🐥 [tamagui]  [33mnative[0m edit-item-screen           ·    8 found   ·    7 opt   ·    4 flat   254ms 
|  🐥 [tamagui]  [33mnative[0m edit-item-screen           ·    8 found   ·    7 opt   ·    4 flat    69ms 
|  🐥 [tamagui]  [33mnative[0m edit-item-screen           ·    8 found   ·    7 opt   ·    4 flat   119ms 
|  🐥 [tamagui]  [33mnative[0m edit-item-screen           ·    8 found   ·    7 opt   ·    4 flat   138ms 
 WARN  [outbox] count failed [Error: Call to function 'NativeDatabase.prepareAsync' has been rejected.
→ Caused by: The 2nd argument cannot be cast to type class expo.modules.sqlite.NativeStatement (received class java.lang.Integer)
→ Caused by: Cannot use shared object that was already released]
 ERROR  SyntaxError: C:\Users\USER\Documents\Recall\src\features\home\components\recent-item-card.tsx: Unexpected token, expected "," (51:0)

  49 |   );
  50 | }
> 51 |
     | ^
    at constructor (C:\Users\USER\Documents\Recall\node_modules\@babel\parser\lib\index.js:365:19)
    at TypeScriptParserMixin.raise (C:\Users\USER\Documents\Recall\node_modules\@babel\parser\lib\index.js:6616:19)
    at TypeScriptParserMixin.unexpected (C:\Users\USER\Documents\Recall\node_modules\@babel\parser\lib\index.js:6636:16)
    at TypeScriptParserMixin.expect (C:\Users\USER\Documents\Recall\node_modules\@babel\parser\lib\index.js:6916:12)
    at TypeScriptParserMixin.parseCallExpressionArguments (C:\Users\USER\Documents\Recall\node_modules\@babel\parser\lib\index.js:11260:14)
    at TypeScriptParserMixin.parseCoverCallAndAsyncArrowHead (C:\Users\USER\Documents\Recall\node_modules\@babel\parser\lib\index.js:11203:29)
    at TypeScriptParserMixin.parseSubscript (C:\Users\USER\Documents\Recall\node_modules\@babel\parser\lib\index.js:11137:19)
    at TypeScriptParserMixin.parseSubscript (C:\Users\USER\Documents\Recall\node_modules\@babel\parser\lib\index.js:9289:18)
    at TypeScriptParserMixin.parseSubscripts (C:\Users\USER\Documents\Recall\node_modules\@babel\parser\lib\index.js:11111:19)
    at TypeScriptParserMixin.parseExprSubscripts (C:\Users\USER\Documents\Recall\node_modules\@babel\parser\lib\index.js:11102:17)
    at TypeScriptParserMixin.parseUpdate (C:\Users\USER\Documents\Recall\node_modules\@babel\parser\lib\index.js:11083:21)
    at TypeScriptParserMixin.parseMaybeUnary (C:\Users\USER\Documents\Recall\node_modules\@babel\parser\lib\index.js:11063:23)
    at TypeScriptParserMixin.parseMaybeUnary (C:\Users\USER\Documents\Recall\node_modules\@babel\parser\lib\index.js:9854:18)
    at TypeScriptParserMixin.parseMaybeUnaryOrPrivate (C:\Users\USER\Documents\Recall\node_modules\@babel\parser\lib\index.js:10916:61)
    at TypeScriptParserMixin.parseExprOps (C:\Users\USER\Documents\Recall\node_modules\@babel\parser\lib\index.js:10921:23)
    at TypeScriptParserMixin.parseMaybeConditional (C:\Users\USER\Documents\Recall\node_modules\@babel\parser\lib\index.js:10898:23)
    at TypeScriptParserMixin.parseMaybeAssign (C:\Users\USER\Documents\Recall\node_modules\@babel\parser\lib\index.js:10848:21)
    at TypeScriptParserMixin.parseMaybeAssign (C:\Users\USER\Documents\Recall\node_modules\@babel\parser\lib\index.js:9803:20)
    at C:\Users\USER\Documents\Recall\node_modules\@babel\parser\lib\index.js:10817:39
    at TypeScriptParserMixin.allowInAnd (C:\Users\USER\Documents\Recall\node_modules\@babel\parser\lib\index.js:12438:16)
    at TypeScriptParserMixin.parseMaybeAssignAllowIn (C:\Users\USER\Documents\Recall\node_modules\@babel\parser\lib\index.js:10817:17)
    at TypeScriptParserMixin.parseVar (C:\Users\USER\Documents\Recall\node_modules\@babel\parser\lib\index.js:13401:91)
    at TypeScriptParserMixin.parseVarStatement (C:\Users\USER\Documents\Recall\node_modules\@babel\parser\lib\index.js:13247:10)
    at TypeScriptParserMixin.parseVarStatement (C:\Users\USER\Documents\Recall\node_modules\@babel\parser\lib\index.js:9425:31)
    at TypeScriptParserMixin.parseStatementContent (C:\Users\USER\Documents\Recall\node_modules\@babel\parser\lib\index.js:12868:23)
    at TypeScriptParserMixin.parseStatementContent (C:\Users\USER\Documents\Recall\node_modules\@babel\parser\lib\index.js:9525:18)
    at TypeScriptParserMixin.parseStatementLike (C:\Users\USER\Documents\Recall\node_modules\@babel\parser\lib\index.js:12784:17)
    at TypeScriptParserMixin.parseStatementListItem (C:\Users\USER\Documents\Recall\node_modules\@babel\parser\lib\index.js:12764:17)
    at TypeScriptParserMixin.parseExportDeclaration (C:\Users\USER\Documents\Recall\node_modules\@babel\parser\lib\index.js:13951:17)
    at TypeScriptParserMixin.parseExportDeclaration (C:\Users\USER\Documents\Recall\node_modules\@babel\parser\lib\index.js:9646:85)
    at TypeScriptParserMixin.maybeParseExportDeclaration (C:\Users\USER\Documents\Recall\node_modules\@babel\parser\lib\index.js:13910:31)
    at TypeScriptParserMixin.parseExport (C:\Users\USER\Documents\Recall\node_modules\@babel\parser\lib\index.js:13829:29)
    at TypeScriptParserMixin.parseExport (C:\Users\USER\Documents\Recall\node_modules\@babel\parser\lib\index.js:9402:20)
    at TypeScriptParserMixin.parseStatementContent (C:\Users\USER\Documents\Recall\node_modules\@babel\parser\lib\index.js:12895:27)
    at TypeScriptParserMixin.parseStatementContent (C:\Users\USER\Documents\Recall\node_modules\@babel\parser\lib\index.js:9525:18)
    at TypeScriptParserMixin.parseStatementLike (C:\Users\USER\Documents\Recall\node_modules\@babel\parser\lib\index.js:12784:17)
    at TypeScriptParserMixin.parseModuleItem (C:\Users\USER\Documents\Recall\node_modules\@babel\parser\lib\index.js:12761:17)
    at TypeScriptParserMixin.parseBlockOrModuleBlockBody (C:\Users\USER\Documents\Recall\node_modules\@babel\parser\lib\index.js:13333:36)
    at TypeScriptParserMixin.parseBlockBody (C:\Users\USER\Documents\Recall\node_modules\@babel\parser\lib\index.js:13326:10)
    at TypeScriptParserMixin.parseProgram (C:\Users\USER\Documents\Recall\node_modules\@babel\parser\lib\index.js:12639:10)
    at TypeScriptParserMixin.parseTopLevel (C:\Users\USER\Documents\Recall\node_modules\@babel\parser\lib\index.js:12629:25)
    at TypeScriptParserMixin.parse (C:\Users\USER\Documents\Recall\node_modules\@babel\parser\lib\index.js:14505:25)
    at TypeScriptParserMixin.parse (C:\Users\USER\Documents\Recall\node_modules\@babel\parser\lib\index.js:10143:18)
    at parse (C:\Users\USER\Documents\Recall\node_modules\@babel\parser\lib\index.js:14518:26)
    at parser (C:\Users\USER\Documents\Recall\node_modules\@babel\core\lib\parser\index.js:41:34)
    at parser.next (<anonymous>)
    at normalizeFile (C:\Users\USER\Documents\Recall\node_modules\@babel\core\lib\transformation\normalize-file.js:64:37)
    at normalizeFile.next (<anonymous>)
    at run (C:\Users\USER\Documents\Recall\node_modules\@babel\core\lib\transformation\index.js:22:50)
    at run.next (<anonymous>)
 ERROR  SyntaxError: C:\Users\USER\Documents\Recall\src\features\home\components\recent-item-card.tsx: Unexpected token, expected "," (51:0)

  49 |   );
  50 | }
> 51 |
     | ^
    at constructor (C:\Users\USER\Documents\Recall\node_modules\@babel\parser\lib\index.js:365:19)
    at TypeScriptParserMixin.raise (C:\Users\USER\Documents\Recall\node_modules\@babel\parser\lib\index.js:6616:19)
    at TypeScriptParserMixin.unexpected (C:\Users\USER\Documents\Recall\node_modules\@babel\parser\lib\index.js:6636:16)
    at TypeScriptParserMixin.expect (C:\Users\USER\Documents\Recall\node_modules\@babel\parser\lib\index.js:6916:12)
    at TypeScriptParserMixin.parseCallExpressionArguments (C:\Users\USER\Documents\Recall\node_modules\@babel\parser\lib\index.js:11260:14)
    at TypeScriptParserMixin.parseCoverCallAndAsyncArrowHead (C:\Users\USER\Documents\Recall\node_modules\@babel\parser\lib\index.js:11203:29)
    at TypeScriptParserMixin.parseSubscript (C:\Users\USER\Documents\Recall\node_modules\@babel\parser\lib\index.js:11137:19)
    at TypeScriptParserMixin.parseSubscript (C:\Users\USER\Documents\Recall\node_modules\@babel\parser\lib\index.js:9289:18)
    at TypeScriptParserMixin.parseSubscripts (C:\Users\USER\Documents\Recall\node_modules\@babel\parser\lib\index.js:11111:19)
    at TypeScriptParserMixin.parseExprSubscripts (C:\Users\USER\Documents\Recall\node_modules\@babel\parser\lib\index.js:11102:17)
    at TypeScriptParserMixin.parseUpdate (C:\Users\USER\Documents\Recall\node_modules\@babel\parser\lib\index.js:11083:21)
    at TypeScriptParserMixin.parseMaybeUnary (C:\Users\USER\Documents\Recall\node_modules\@babel\parser\lib\index.js:11063:23)
    at TypeScriptParserMixin.parseMaybeUnary (C:\Users\USER\Documents\Recall\node_modules\@babel\parser\lib\index.js:9854:18)
    at TypeScriptParserMixin.parseMaybeUnaryOrPrivate (C:\Users\USER\Documents\Recall\node_modules\@babel\parser\lib\index.js:10916:61)
    at TypeScriptParserMixin.parseExprOps (C:\Users\USER\Documents\Recall\node_modules\@babel\parser\lib\index.js:10921:23)
    at TypeScriptParserMixin.parseMaybeConditional (C:\Users\USER\Documents\Recall\node_modules\@babel\parser\lib\index.js:10898:23)
    at TypeScriptParserMixin.parseMaybeAssign (C:\Users\USER\Documents\Recall\node_modules\@babel\parser\lib\index.js:10848:21)
    at TypeScriptParserMixin.parseMaybeAssign (C:\Users\USER\Documents\Recall\node_modules\@babel\parser\lib\index.js:9803:20)
    at C:\Users\USER\Documents\Recall\node_modules\@babel\parser\lib\index.js:10817:39
    at TypeScriptParserMixin.allowInAnd (C:\Users\USER\Documents\Recall\node_modules\@babel\parser\lib\index.js:12438:16)
    at TypeScriptParserMixin.parseMaybeAssignAllowIn (C:\Users\USER\Documents\Recall\node_modules\@babel\parser\lib\index.js:10817:17)
    at TypeScriptParserMixin.parseVar (C:\Users\USER\Documents\Recall\node_modules\@babel\parser\lib\index.js:13401:91)
    at TypeScriptParserMixin.parseVarStatement (C:\Users\USER\Documents\Recall\node_modules\@babel\parser\lib\index.js:13247:10)
    at TypeScriptParserMixin.parseVarStatement (C:\Users\USER\Documents\Recall\node_modules\@babel\parser\lib\index.js:9425:31)
    at TypeScriptParserMixin.parseStatementContent (C:\Users\USER\Documents\Recall\node_modules\@babel\parser\lib\index.js:12868:23)
    at TypeScriptParserMixin.parseStatementContent (C:\Users\USER\Documents\Recall\node_modules\@babel\parser\lib\index.js:9525:18)
    at TypeScriptParserMixin.parseStatementLike (C:\Users\USER\Documents\Recall\node_modules\@babel\parser\lib\index.js:12784:17)
    at TypeScriptParserMixin.parseStatementListItem (C:\Users\USER\Documents\Recall\node_modules\@babel\parser\lib\index.js:12764:17)
    at TypeScriptParserMixin.parseExportDeclaration (C:\Users\USER\Documents\Recall\node_modules\@babel\parser\lib\index.js:13951:17)
    at TypeScriptParserMixin.parseExportDeclaration (C:\Users\USER\Documents\Recall\node_modules\@babel\parser\lib\index.js:9646:85)
    at TypeScriptParserMixin.maybeParseExportDeclaration (C:\Users\USER\Documents\Recall\node_modules\@babel\parser\lib\index.js:13910:31)
    at TypeScriptParserMixin.parseExport (C:\Users\USER\Documents\Recall\node_modules\@babel\parser\lib\index.js:13829:29)
    at TypeScriptParserMixin.parseExport (C:\Users\USER\Documents\Recall\node_modules\@babel\parser\lib\index.js:9402:20)
    at TypeScriptParserMixin.parseStatementContent (C:\Users\USER\Documents\Recall\node_modules\@babel\parser\lib\index.js:12895:27)
    at TypeScriptParserMixin.parseStatementContent (C:\Users\USER\Documents\Recall\node_modules\@babel\parser\lib\index.js:9525:18)
    at TypeScriptParserMixin.parseStatementLike (C:\Users\USER\Documents\Recall\node_modules\@babel\parser\lib\index.js:12784:17)
    at TypeScriptParserMixin.parseModuleItem (C:\Users\USER\Documents\Recall\node_modules\@babel\parser\lib\index.js:12761:17)
    at TypeScriptParserMixin.parseBlockOrModuleBlockBody (C:\Users\USER\Documents\Recall\node_modules\@babel\parser\lib\index.js:13333:36)
    at TypeScriptParserMixin.parseBlockBody (C:\Users\USER\Documents\Recall\node_modules\@babel\parser\lib\index.js:13326:10)
    at TypeScriptParserMixin.parseProgram (C:\Users\USER\Documents\Recall\node_modules\@babel\parser\lib\index.js:12639:10)
    at TypeScriptParserMixin.parseTopLevel (C:\Users\USER\Documents\Recall\node_modules\@babel\parser\lib\index.js:12629:25)
    at TypeScriptParserMixin.parse (C:\Users\USER\Documents\Recall\node_modules\@babel\parser\lib\index.js:14505:25)
    at TypeScriptParserMixin.parse (C:\Users\USER\Documents\Recall\node_modules\@babel\parser\lib\index.js:10143:18)
    at parse (C:\Users\USER\Documents\Recall\node_modules\@babel\parser\lib\index.js:14518:26)
    at parser (C:\Users\USER\Documents\Recall\node_modules\@babel\core\lib\parser\index.js:41:34)
    at parser.next (<anonymous>)
    at normalizeFile (C:\Users\USER\Documents\Recall\node_modules\@babel\core\lib\transformation\normalize-file.js:64:37)
    at normalizeFile.next (<anonymous>)
    at run (C:\Users\USER\Documents\Recall\node_modules\@babel\core\lib\transformation\index.js:22:50)
    at run.next (<anonymous>)
|  🐥 [tamagui]  [33mnative[0m recent-item-card           ·    4 found   ·    4 opt   ·    3 flat    36ms 
|  🐥 [tamagui]  [33mnative[0m recent-item-card           ·    4 found   ·    4 opt   ·    3 flat   103ms 
|  🐥 [tamagui]  [33mnative[0m recent-item-card           ·    4 found   ·    4 opt   ·    3 flat    59ms 
|  🐥 [tamagui]  [33mnative[0m home-screen                ·    6 found   ·    6 opt   ·    5 flat    92ms 
|  🐥 [tamagui]  [33mnative[0m collection-details-scr     ·    8 found   ·    8 opt   ·    6 flat   118ms 
|  🐥 [tamagui]  [33mnative[0m archive-screen             ·    5 found   ·    5 opt   ·    4 flat   168ms 
Android Bundled 342ms node_modules\expo-router\entry.js (1 module)
 WARN  SafeAreaView has been deprecated and will be removed in a future release. Please use 'react-native-safe-area-context' instead. See https://github.com/AppAndFlow/react-native-safe-area-context
|  🐥 [tamagui]  [33mnative[0m home-screen                ·    6 found   ·    6 opt   ·    5 flat   104ms 
|  🐥 [tamagui]  [33mnative[0m stack                      ·    0 found   ·    0 opt   ·    0 flat  1226ms 
|  🐥 [tamagui]  [33mnative[0m text                       ·    0 found   ·    0 opt   ·    0 flat  1243ms 
|  🐥 [tamagui]  [33mnative[0m button                     ·    1 found   ·    1 opt   ·    1 flat    61ms 
|  🐥 [tamagui]  [33mnative[0m empty-state-card           ·    3 found   ·    3 opt   ·    3 flat    27ms 
|  🐥 [tamagui]  [33mnative[0m collection-card            ·    2 found   ·    2 opt   ·    0 flat   148ms 
|  🐥 [tamagui]  [33mnative[0m collections-section        ·    3 found   ·    3 opt   ·    3 flat  2569ms 
|  🐥 [tamagui]  [33mnative[0m avatar                     ·    1 found   ·    1 opt   ·    0 flat    70ms 
|  🐥 [tamagui]  [33mnative[0m quick-capture-section      ·    3 found   ·    3 opt   ·    3 flat   119ms 
|  🐥 [tamagui]  [33mnative[0m home-header                ·    4 found   ·    4 opt   ·    2 flat   174ms 
|  🐥 [tamagui]  [33mnative[0m quick-capture-card         ·    2 found   ·    2 opt   ·    1 flat   151ms 
|  🐥 [tamagui]  [33mnative[0m saved-type-icon            ·    1 found   ·    1 opt   ·    0 flat    83ms 
|  🐥 [tamagui]  [33mnative[0m floating-action-button     ·    1 found   ·    1 opt   ·    0 flat    46ms 
|  🐥 [tamagui]  [33mnative[0m search-bar                 ·    1 found   ·    1 opt   ·    0 flat    64ms 
|  🐥 [tamagui]  [33mnative[0m recent-item-card           ·    4 found   ·    4 opt   ·    3 flat   185ms 
|  🐥 [tamagui]  [33mnative[0m bottom-navigation          ·    4 found   ·    4 opt   ·    1 flat   210ms 
|  🐥 [tamagui]  [33mnative[0m collections-list-scree     ·    3 found   ·    3 opt   ·    2 flat    98ms 
|  🐥 [tamagui]  [33mnative[0m collection-search-bar      ·    1 found   ·    1 opt   ·    1 flat    15ms 
|  🐥 [tamagui]  [33mnative[0m collection-card            ·    5 found   ·    5 opt   ·    3 flat    90ms 
|  🐥 [tamagui]  [33mnative[0m collection-header          ·    3 found   ·    3 opt   ·    2 flat   145ms 
|  🐥 [tamagui]  [33mnative[0m collection-form-screen     ·    5 found   ·    4 opt   ·    2 flat   182ms 
|  🐥 [tamagui]  [33mnative[0m collection-color-picke     ·    3 found   ·    3 opt   ·    2 flat   114ms 
|  🐥 [tamagui]  [33mnative[0m collection-icon-picker     ·    3 found   ·    3 opt   ·    2 flat    61ms 
|  🐥 [tamagui]  [33mnative[0m empty-collections-stat     ·    3 found   ·    3 opt   ·    3 flat   253ms 
|  🐥 [tamagui]  [33mnative[0m collection-form            ·    3 found   ·    3 opt   ·    3 flat    42ms 
|  🐥 [tamagui]  [33mnative[0m input                      ·    2 found   ·    1 opt   ·    0 flat   242ms 
|  🐥 [tamagui]  [33mnative[0m collection-filter-chip     ·    3 found   ·    2 opt   ·    1 flat    73ms 
|  🐥 [tamagui]  [33mnative[0m delete-collection-moda     ·    6 found   ·    6 opt   ·    3 flat    87ms 
|  🐥 [tamagui]  [33mnative[0m more-actions-menu          ·    4 found   ·    4 opt   ·    1 flat   122ms 
|  🐥 [tamagui]  [33mnative[0m sync-banner                ·    2 found   ·    2 opt   ·    0 flat   145ms 
|  🐥 [tamagui]  [33mnative[0m section-header             ·    1 found   ·    1 opt   ·    1 flat  4106ms 
|  🐥 [tamagui]  [33mnative[0m collection-details-scr     ·    8 found   ·    8 opt   ·    6 flat   888ms 
|  🐥 [tamagui]  [33mnative[0m library-header             ·    3 found   ·    3 opt   ·    2 flat    47ms 
|  🐥 [tamagui]  [33mnative[0m archive-screen             ·    5 found   ·    5 opt   ·    4 flat    60ms 
|  🐥 [tamagui]  [33mnative[0m select-item-type-scree     ·    5 found   ·    4 opt   ·    3 flat    43ms 
|  🐥 [tamagui]  [33mnative[0m add-item-header            ·    3 found   ·    3 opt   ·    1 flat    40ms 
|  🐥 [tamagui]  [33mnative[0m item-type-card             ·    3 found   ·    3 opt   ·    2 flat    46ms 
|  🐥 [tamagui]  [33mnative[0m add-item-form-screen       ·    5 found   ·    4 opt   ·    2 flat    66ms 
|  🐥 [tamagui]  [33mnative[0m file-form                  ·    3 found   ·    3 opt   ·    3 flat    38ms 
|  🐥 [tamagui]  [33mnative[0m file-preview-card          ·    3 found   ·    3 opt   ·    2 flat    31ms 
|  🐥 [tamagui]  [33mnative[0m upload-card                ·    2 found   ·    2 opt   ·    1 flat    45ms 
|  🐥 [tamagui]  [33mnative[0m link-form                  ·    4 found   ·    4 opt   ·    4 flat    27ms 
|  🐥 [tamagui]  [33mnative[0m upload-progress            ·    3 found   ·    3 opt   ·    2 flat    25ms 
|  🐥 [tamagui]  [33mnative[0m rich-text-editor           ·    1 found   ·    1 opt   ·    0 flat    22ms 
|  🐥 [tamagui]  [33mnative[0m collection-selector        ·    6 found   ·    5 opt   ·    3 flat   117ms 
|  🐥 [tamagui]  [33mnative[0m link-preview-card          ·    8 found   ·    8 opt   ·    6 flat    61ms 
|  🐥 [tamagui]  [33mnative[0m image-preview              ·    1 found   ·    1 opt   ·    0 flat    26ms 
|  🐥 [tamagui]  [33mnative[0m note-form                  ·    2 found   ·    2 opt   ·    2 flat    17ms 
|  🐥 [tamagui]  [33mnative[0m save-success-screen        ·    5 found   ·    5 opt   ·    4 flat    71ms 
|  🐥 [tamagui]  [33mnative[0m editor-toolbar             ·    5 found   ·    5 opt   ·    4 flat   128ms 
|  🐥 [tamagui]  [33mnative[0m screenshot-form            ·    2 found   ·    2 opt   ·    2 flat    15ms 
|  🐥 [tamagui]  [33mnative[0m save-success-preview-c     ·    3 found   ·    3 opt   ·    2 flat    33ms 
|  🐥 [tamagui]  [33mnative[0m signup-screen              ·    5 found   ·    4 opt   ·    3 flat    36ms 
|  🐥 [tamagui]  [33mnative[0m auth-footer                ·    1 found   ·    1 opt   ·    1 flat    13ms 
|  🐥 [tamagui]  [33mnative[0m auth-divider               ·    3 found   ·    3 opt   ·    3 flat    23ms 
|  🐥 [tamagui]  [33mnative[0m signup-form                ·    1 found   ·    1 opt   ·    1 flat    11ms 
|  🐥 [tamagui]  [33mnative[0m auth-header                ·    3 found   ·    3 opt   ·    2 flat    27ms 
|  🐥 [tamagui]  [33mnative[0m password-input             ·    1 found   ·    1 opt   ·    0 flat    11ms 
|  🐥 [tamagui]  [33mnative[0m password-requirements-     ·    1 found   ·    1 opt   ·    1 flat    11ms 
|  🐥 [tamagui]  [33mnative[0m terms-text                 ·    1 found   ·    1 opt   ·    1 flat    12ms 
|  🐥 [tamagui]  [33mnative[0m social-auth-button         ·    1 found   ·    1 opt   ·    0 flat    16ms 
|  🐥 [tamagui]  [33mnative[0m password-checklist         ·    2 found   ·    2 opt   ·    2 flat    13ms 
|  🐥 [tamagui]  [33mnative[0m login-form                 ·    2 found   ·    2 opt   ·    2 flat    13ms 
|  🐥 [tamagui]  [33mnative[0m login-screen               ·    5 found   ·    4 opt   ·    3 flat    50ms 
|  🐥 [tamagui]  [33mnative[0m forgot-password-form       ·    2 found   ·    2 opt   ·    2 flat    21ms 
|  🐥 [tamagui]  [33mnative[0m forgot-password-screen     ·    5 found   ·    4 opt   ·    3 flat    63ms 
|  🐥 [tamagui]  [33mnative[0m set-new-password-form      ·    3 found   ·    3 opt   ·    3 flat    24ms 
|  🐥 [tamagui]  [33mnative[0m set-new-password-scree     ·    5 found   ·    4 opt   ·    3 flat    52ms 
|  🐥 [tamagui]  [33mnative[0m hero-illustration          ·    1 found   ·    1 opt   ·    0 flat    28ms 
|  🐥 [tamagui]  [33mnative[0m interior-glow              ·    2 found   ·    2 opt   ·    1 flat    45ms 
|  🐥 [tamagui]  [33mnative[0m ready-glow                 ·    1 found   ·    1 opt   ·    0 flat    24ms 
|  🐥 [tamagui]  [33mnative[0m alert                      ·    4 found   ·    4 opt   ·    0 flat   203ms 
|  🐥 [tamagui]  [33mnative[0m get-started-screen         ·    6 found   ·    5 opt   ·    1 flat   144ms 
|  🐥 [tamagui]  [33mnative[0m top-glow                   ·    1 found   ·    1 opt   ·    0 flat    33ms 
|  🐥 [tamagui]  [33mnative[0m memory-rail                ·    3 found   ·    1 opt   ·    0 flat   126ms 
|  🐥 [tamagui]  [33mnative[0m splash-screen              ·    2 found   ·    2 opt   ·    1 flat   111ms 
|  🐥 [tamagui]  [33mnative[0m mini-tile                  ·    6 found   ·    5 opt   ·    1 flat   315ms 
|  🐥 [tamagui]  [33mnative[0m splash-brand               ·    3 found   ·    3 opt   ·    0 flat   174ms 
|  🐥 [tamagui]  [33mnative[0m item-details-screen        ·    3 found   ·    2 opt   ·    1 flat    69ms 
|  🐥 [tamagui]  [33mnative[0m detail-card                ·    1 found   ·    1 opt   ·    0 flat    13ms 
|  🐥 [tamagui]  [33mnative[0m splash-ambient             ·    7 found   ·    6 opt   ·    1 flat   267ms 
|  🐥 [tamagui]  [33mnative[0m delete-item-modal          ·    6 found   ·    6 opt   ·    3 flat    78ms 
|  🐥 [tamagui]  [33mnative[0m link-content-card          ·    3 found   ·    3 opt   ·    3 flat    24ms 
|  🐥 [tamagui]  [33mnative[0m item-action-menu           ·    4 found   ·    4 opt   ·    1 flat    96ms 
|  🐥 [tamagui]  [33mnative[0m file-preview-card          ·    7 found   ·    7 opt   ·    3 flat    95ms 
|  🐥 [tamagui]  [33mnative[0m screenshot-preview         ·    1 found   ·    1 opt   ·    1 flat    14ms 
|  🐥 [tamagui]  [33mnative[0m item-metadata-card         ·    2 found   ·    2 opt   ·    2 flat    23ms 
|  🐥 [tamagui]  [33mnative[0m metadata-row               ·    1 found   ·    1 opt   ·    1 flat    10ms 
|  🐥 [tamagui]  [33mnative[0m item-details-header        ·    5 found   ·    5 opt   ·    2 flat    73ms 
|  🐥 [tamagui]  [33mnative[0m splash-logo-primitives     ·    6 found   ·    6 opt   ·    0 flat   470ms 
|  🐥 [tamagui]  [33mnative[0m notifications-screen       ·    5 found   ·    5 opt   ·    4 flat    70ms 
|  🐥 [tamagui]  [33mnative[0m notification-card          ·    5 found   ·    5 opt   ·    3 flat    76ms 
|  🐥 [tamagui]  [33mnative[0m edit-item-screen           ·    8 found   ·    7 opt   ·    4 flat    90ms 
|  🐥 [tamagui]  [33mnative[0m progress-dots              ·    2 found   ·    2 opt   ·    0 flat    58ms 
|  🐥 [tamagui]  [33mnative[0m profile-screen             ·    6 found   ·    6 opt   ·    3 flat    99ms 
|  🐥 [tamagui]  [33mnative[0m profile-stats-card         ·    2 found   ·    2 opt   ·    1 flat    34ms 
|  🐥 [tamagui]  [33mnative[0m settings-list-item         ·    2 found   ·    2 opt   ·    1 flat    80ms 
|  🐥 [tamagui]  [33mnative[0m onboarding-screen          ·   10 found   ·    8 opt   ·    1 flat   629ms 
|  🐥 [tamagui]  [33mnative[0m account-screen             ·    3 found   ·    3 opt   ·    2 flat    95ms 
|  🐥 [tamagui]  [33mnative[0m account-form               ·    2 found   ·    2 opt   ·    2 flat    56ms 
|  🐥 [tamagui]  [33mnative[0m settings-toggle            ·    1 found   ·    1 opt   ·    0 flat   269ms 
|  🐥 [tamagui]  [33mnative[0m profile-header             ·    3 found   ·    3 opt   ·    2 flat   446ms 
|  🐥 [tamagui]  [33mnative[0m storage-breakdown-card     ·    2 found   ·    2 opt   ·    1 flat    59ms 
|  🐥 [tamagui]  [33mnative[0m storage-summary-card       ·    5 found   ·    5 opt   ·    4 flat    87ms 
|  🐥 [tamagui]  [33mnative[0m trash-screen               ·    6 found   ·    6 opt   ·    4 flat    90ms 
|  🐥 [tamagui]  [33mnative[0m trash-search-bar           ·    1 found   ·    1 opt   ·    1 flat    16ms 
|  🐥 [tamagui]  [33mnative[0m sign-out-modal             ·    6 found   ·    6 opt   ·    3 flat   782ms 
|  🐥 [tamagui]  [33mnative[0m storage-screen             ·    3 found   ·    3 opt   ·    2 flat   552ms 
|  🐥 [tamagui]  [33mnative[0m trash-item-card            ·    6 found   ·    6 opt   ·    3 flat   152ms 
|  🐥 [tamagui]  [33mnative[0m save-everything-illust     ·   12 found   ·   11 opt   ·    2 flat  1345ms 
|  🐥 [tamagui]  [33mnative[0m placeholder-screen         ·    1 found   ·    1 opt   ·    0 flat    23ms 
|  🐥 [tamagui]  [33mnative[0m search-illustration        ·   10 found   ·   10 opt   ·    1 flat  1367ms 
|  🐥 [tamagui]  [33mnative[0m search-screen              ·    5 found   ·    5 opt   ·    4 flat    91ms 
|  🐥 [tamagui]  [33mnative[0m empty-search-state         ·    3 found   ·    3 opt   ·    3 flat    22ms 
|  🐥 [tamagui]  [33mnative[0m search-input               ·    1 found   ·    1 opt   ·    1 flat    15ms 
|  🐥 [tamagui]  [33mnative[0m search-header              ·    3 found   ·    3 opt   ·    2 flat    42ms 
|  🐥 [tamagui]  [33mnative[0m search-results-list        ·    2 found   ·    2 opt   ·    2 flat    29ms 
|  🐥 [tamagui]  [33mnative[0m search-summary             ·    1 found   ·    1 opt   ·    1 flat    44ms 
|  🐥 [tamagui]  [33mnative[0m organize-illustration      ·    9 found   ·    8 opt   ·    1 flat  1815ms 
|  🐥 [tamagui]  [33mnative[0m organize-illustration      ·    9 found   ·    8 opt   ·    1 flat   146ms 
 ERROR  [Error: fetch failed: java.net.ConnectException: Failed to connect to /10.193.248.210:54321] 

Code: CodedError.ts
[0m [90m  9 |[39m
 [90m 10 |[39m   constructor(code[33m:[39m string[33m,[39m message[33m:[39m string) {
[31m[1m>[22m[39m[90m 11 |[39m     [36msuper[39m(message)[33m;[39m
 [90m    |[39m          [31m[1m^[22m[39m
 [90m 12 |[39m     [36mthis[39m[33m.[39mcode [33m=[39m code[33m;[39m
 [90m 13 |[39m   }
 [90m 14 |[39m }[0m
Call Stack
  constructor (node_modules\expo-modules-core\src\errors\CodedError.ts:11:10)
 ERROR  [Error: fetch failed: java.net.ConnectException: Failed to connect to /10.193.248.210:54321] 
 ERROR  [Error: fetch failed: java.net.ConnectException: Failed to connect to /10.193.248.210:54321] 

Code: CodedError.ts
[0m [90m  9 |[39m
 [90m 10 |[39m   constructor(code[33m:[39m string[33m,[39m message[33m:[39m string) {
[31m[1m>[22m[39m[90m 11 |[39m     [36msuper[39m(message)[33m;[39m
 [90m    |[39m          [31m[1m^[22m[39m
 [90m 12 |[39m     [36mthis[39m[33m.[39mcode [33m=[39m code[33m;[39m
 [90m 13 |[39m   }
 [90m 14 |[39m }[0m
Call Stack
  constructor (node_modules\expo-modules-core\src\errors\CodedError.ts:11:10)
 ERROR  [Error: fetch failed: java.net.ConnectException: Failed to connect to /10.193.248.210:54321] 

Code: CodedError.ts
[0m [90m  9 |[39m
 [90m 10 |[39m   constructor(code[33m:[39m string[33m,[39m message[33m:[39m string) {
[31m[1m>[22m[39m[90m 11 |[39m     [36msuper[39m(message)[33m;[39m
 [90m    |[39m          [31m[1m^[22m[39m
 [90m 12 |[39m     [36mthis[39m[33m.[39mcode [33m=[39m code[33m;[39m
 [90m 13 |[39m   }
 [90m 14 |[39m }[0m
Call Stack
  constructor (node_modules\expo-modules-core\src\errors\CodedError.ts:11:10)
 ERROR  [Error: fetch failed: java.net.ConnectException: Failed to connect to /10.193.248.210:54321] 

Code: CodedError.ts
[0m [90m  9 |[39m
 [90m 10 |[39m   constructor(code[33m:[39m string[33m,[39m message[33m:[39m string) {
[31m[1m>[22m[39m[90m 11 |[39m     [36msuper[39m(message)[33m;[39m
 [90m    |[39m          [31m[1m^[22m[39m
 [90m 12 |[39m     [36mthis[39m[33m.[39mcode [33m=[39m code[33m;[39m
 [90m 13 |[39m   }
 [90m 14 |[39m }[0m
Call Stack
  constructor (node_modules\expo-modules-core\src\errors\CodedError.ts:11:10)
 ERROR  [Error: fetch failed: java.net.ConnectException: Failed to connect to /10.193.248.210:54321] 

Code: CodedError.ts
[0m [90m  9 |[39m
 [90m 10 |[39m   constructor(code[33m:[39m string[33m,[39m message[33m:[39m string) {
[31m[1m>[22m[39m[90m 11 |[39m     [36msuper[39m(message)[33m;[39m
 [90m    |[39m          [31m[1m^[22m[39m
 [90m 12 |[39m     [36mthis[39m[33m.[39mcode [33m=[39m code[33m;[39m
 [90m 13 |[39m   }
 [90m 14 |[39m }[0m
Call Stack
  constructor (node_modules\expo-modules-core\src\errors\CodedError.ts:11:10)
 ERROR  [Error: fetch failed: java.net.ConnectException: Failed to connect to /10.193.248.210:54321] 

Code: CodedError.ts
[0m [90m  9 |[39m
 [90m 10 |[39m   constructor(code[33m:[39m string[33m,[39m message[33m:[39m string) {
[31m[1m>[22m[39m[90m 11 |[39m     [36msuper[39m(message)[33m;[39m
 [90m    |[39m          [31m[1m^[22m[39m
 [90m 12 |[39m     [36mthis[39m[33m.[39mcode [33m=[39m code[33m;[39m
 [90m 13 |[39m   }
 [90m 14 |[39m }[0m
Call Stack
  constructor (node_modules\expo-modules-core\src\errors\CodedError.ts:11:10)
 ERROR  [Error: fetch failed: java.net.ConnectException: Failed to connect to /10.193.248.210:54321] 

Code: CodedError.ts
[0m [90m  9 |[39m
 [90m 10 |[39m   constructor(code[33m:[39m string[33m,[39m message[33m:[39m string) {
[31m[1m>[22m[39m[90m 11 |[39m     [36msuper[39m(message)[33m;[39m
 [90m    |[39m          [31m[1m^[22m[39m
 [90m 12 |[39m     [36mthis[39m[33m.[39mcode [33m=[39m code[33m;[39m
 [90m 13 |[39m   }
 [90m 14 |[39m }[0m
Call Stack
  constructor (node_modules\expo-modules-core\src\errors\CodedError.ts:11:10)
 ERROR  [Error: fetch failed: java.net.ConnectException: Failed to connect to /10.193.248.210:54321] 

Code: CodedError.ts
[0m [90m  9 |[39m
 [90m 10 |[39m   constructor(code[33m:[39m string[33m,[39m message[33m:[39m string) {
[31m[1m>[22m[39m[90m 11 |[39m     [36msuper[39m(message)[33m;[39m
 [90m    |[39m          [31m[1m^[22m[39m
 [90m 12 |[39m     [36mthis[39m[33m.[39mcode [33m=[39m code[33m;[39m
 [90m 13 |[39m   }
 [90m 14 |[39m }[0m
Call Stack
  constructor (node_modules\expo-modules-core\src\errors\CodedError.ts:11:10)
 ERROR  [Error: fetch failed: java.net.ConnectException: Failed to connect to /10.193.248.210:54321] 

Code: CodedError.ts
[0m [90m  9 |[39m
 [90m 10 |[39m   constructor(code[33m:[39m string[33m,[39m message[33m:[39m string) {
[31m[1m>[22m[39m[90m 11 |[39m     [36msuper[39m(message)[33m;[39m
 [90m    |[39m          [31m[1m^[22m[39m
 [90m 12 |[39m     [36mthis[39m[33m.[39mcode [33m=[39m code[33m;[39m
 [90m 13 |[39m   }
 [90m 14 |[39m }[0m
Call Stack
  constructor (node_modules\expo-modules-core\src\errors\CodedError.ts:11:10)
 ERROR  [Error: fetch failed: java.net.ConnectException: Failed to connect to /10.193.248.210:54321] 

Code: CodedError.ts
[0m [90m  9 |[39m
 [90m 10 |[39m   constructor(code[33m:[39m string[33m,[39m message[33m:[39m string) {
[31m[1m>[22m[39m[90m 11 |[39m     [36msuper[39m(message)[33m;[39m
 [90m    |[39m          [31m[1m^[22m[39m
 [90m 12 |[39m     [36mthis[39m[33m.[39mcode [33m=[39m code[33m;[39m
 [90m 13 |[39m   }
 [90m 14 |[39m }[0m
Call Stack
  constructor (node_modules\expo-modules-core\src\errors\CodedError.ts:11:10)
