env: load .env
env: export EXPO_PUBLIC_SUPABASE_PUBLISHABLE_KEY EXPO_PUBLIC_SUPABASE_URL EXPO_PUBLIC_USE_BACKEND
Starting project at C:\Users\USER\Documents\Recall
Logs: C:\Users\USER\Documents\Recall\.expo\dev\logs\start.log
Using src/app as the root directory for Expo Router.
Starting Metro Bundler

Waiting on http://localhost:8081
Logs for your project will appear below.
Android Bundled 13442ms node_modules\expo-router\entry.js (3252 modules)
 WARN  SafeAreaView has been deprecated and will be removed in a future release. Please use 'react-native-safe-area-context' instead. See https://github.com/AppAndFlow/react-native-safe-area-context
 WARN  [collections] load failed (serving cache) {"code": "42501", "details": null, "hint": null, "message": "permission denied for table collections"}
 WARN  [notifications] load failed (serving cache) {"code": "42501", "details": null, "hint": null, "message": "permission denied for table notifications"}
 WARN  [items] load failed (serving cache) {"code": "42501", "details": null, "hint": null, "message": "permission denied for table saved_items"}
 WARN  [profile] load failed {"code": "42501", "details": null, "hint": null, "message": "permission denied for table profiles"}
 WARN  [notifications] load failed (serving cache) {"code": "42501", "details": null, "hint": null, "message": "permission denied for table notifications"}
Android Bundled 1212ms node_modules\expo-router\entry.js (1 module)
 WARN  SafeAreaView has been deprecated and will be removed in a future release. Please use 'react-native-safe-area-context' instead. See https://github.com/AppAndFlow/react-native-safe-area-context
|  🐥 [tamagui]  [33mnative[0m home-screen                ·    6 found   ·    6 opt   ·    5 flat  1002ms 
|  🐥 [tamagui]  [33mnative[0m collection-card            ·    2 found   ·    2 opt   ·    0 flat    50ms 
|  🐥 [tamagui]  [33mnative[0m collections-section        ·    3 found   ·    3 opt   ·    3 flat  1048ms 
|  🐥 [tamagui]  [33mnative[0m text                       ·    0 found   ·    0 opt   ·    0 flat   985ms 
|  🐥 [tamagui]  [33mnative[0m section-header             ·    1 found   ·    1 opt   ·    1 flat    32ms 
|  🐥 [tamagui]  [33mnative[0m empty-state-card           ·    3 found   ·    3 opt   ·    3 flat    36ms 
|  🐥 [tamagui]  [33mnative[0m quick-capture-card         ·    2 found   ·    2 opt   ·    1 flat    26ms 
|  🐥 [tamagui]  [33mnative[0m quick-capture-section      ·    3 found   ·    3 opt   ·    3 flat    22ms 
|  🐥 [tamagui]  [33mnative[0m button                     ·    1 found   ·    1 opt   ·    1 flat    22ms 
|  🐥 [tamagui]  [33mnative[0m home-header                ·    4 found   ·    4 opt   ·    2 flat    60ms 
|  🐥 [tamagui]  [33mnative[0m saved-type-icon            ·    1 found   ·    1 opt   ·    0 flat    68ms 
|  🐥 [tamagui]  [33mnative[0m recent-item-card           ·    4 found   ·    4 opt   ·    3 flat    58ms 
|  🐥 [tamagui]  [33mnative[0m search-bar                 ·    1 found   ·    1 opt   ·    0 flat    34ms 
|  🐥 [tamagui]  [33mnative[0m floating-action-button     ·    1 found   ·    1 opt   ·    0 flat    36ms 
|  🐥 [tamagui]  [33mnative[0m bottom-navigation          ·    4 found   ·    4 opt   ·    1 flat    94ms 
|  🐥 [tamagui]  [33mnative[0m collections-list-scree     ·    3 found   ·    3 opt   ·    2 flat    46ms 
|  🐥 [tamagui]  [33mnative[0m collection-card            ·    5 found   ·    5 opt   ·    3 flat    44ms 
|  🐥 [tamagui]  [33mnative[0m empty-collections-stat     ·    3 found   ·    3 opt   ·    3 flat    30ms 
|  🐥 [tamagui]  [33mnative[0m collection-form            ·    3 found   ·    3 opt   ·    3 flat    22ms 
|  🐥 [tamagui]  [33mnative[0m collection-form-screen     ·    5 found   ·    4 opt   ·    2 flat    88ms 
|  🐥 [tamagui]  [33mnative[0m collection-icon-picker     ·    3 found   ·    3 opt   ·    2 flat    40ms 
|  🐥 [tamagui]  [33mnative[0m input                      ·    2 found   ·    1 opt   ·    0 flat   111ms 
|  🐥 [tamagui]  [33mnative[0m collection-details-scr     ·    8 found   ·    8 opt   ·    6 flat    91ms 
|  🐥 [tamagui]  [33mnative[0m delete-collection-moda     ·    6 found   ·    6 opt   ·    3 flat    66ms 
|  🐥 [tamagui]  [33mnative[0m collection-filter-chip     ·    3 found   ·    2 opt   ·    1 flat    68ms 
|  🐥 [tamagui]  [33mnative[0m sync-banner                ·    2 found   ·    2 opt   ·    0 flat    43ms 
|  🐥 [tamagui]  [33mnative[0m library-header             ·    3 found   ·    3 opt   ·    2 flat    44ms 
|  🐥 [tamagui]  [33mnative[0m archive-screen             ·    5 found   ·    5 opt   ·    4 flat    46ms 
|  🐥 [tamagui]  [33mnative[0m add-item-header            ·    3 found   ·    3 opt   ·    1 flat    56ms 
|  🐥 [tamagui]  [33mnative[0m add-item-form-screen       ·    5 found   ·    4 opt   ·    2 flat    50ms 
|  🐥 [tamagui]  [33mnative[0m file-form                  ·    3 found   ·    3 opt   ·    3 flat    16ms 
|  🐥 [tamagui]  [33mnative[0m file-preview-card          ·    3 found   ·    3 opt   ·    2 flat    26ms 
|  🐥 [tamagui]  [33mnative[0m link-form                  ·    4 found   ·    4 opt   ·    4 flat    17ms 
|  🐥 [tamagui]  [33mnative[0m upload-progress            ·    3 found   ·    3 opt   ·    2 flat    17ms 
|  🐥 [tamagui]  [33mnative[0m collection-selector        ·    6 found   ·    5 opt   ·    3 flat    97ms 
|  🐥 [tamagui]  [33mnative[0m upload-card                ·    2 found   ·    2 opt   ·    1 flat    53ms 
|  🐥 [tamagui]  [33mnative[0m note-form                  ·    2 found   ·    2 opt   ·    2 flat    15ms 
|  🐥 [tamagui]  [33mnative[0m rich-text-editor           ·    1 found   ·    1 opt   ·    0 flat    13ms 
|  🐥 [tamagui]  [33mnative[0m link-preview-card          ·    8 found   ·    8 opt   ·    6 flat    50ms 
|  🐥 [tamagui]  [33mnative[0m image-preview              ·    1 found   ·    1 opt   ·    0 flat    12ms 
|  🐥 [tamagui]  [33mnative[0m editor-toolbar             ·    5 found   ·    5 opt   ·    4 flat    52ms 
|  🐥 [tamagui]  [33mnative[0m save-success-preview-c     ·    3 found   ·    3 opt   ·    2 flat    23ms 
|  🐥 [tamagui]  [33mnative[0m save-success-screen        ·    5 found   ·    5 opt   ·    4 flat    44ms 
|  🐥 [tamagui]  [33mnative[0m auth-divider               ·    3 found   ·    3 opt   ·    3 flat    17ms 
|  🐥 [tamagui]  [33mnative[0m auth-footer                ·    1 found   ·    1 opt   ·    1 flat    12ms 
|  🐥 [tamagui]  [33mnative[0m auth-header                ·    3 found   ·    3 opt   ·    2 flat    18ms 
|  🐥 [tamagui]  [33mnative[0m password-input             ·    1 found   ·    1 opt   ·    0 flat    19ms 
|  🐥 [tamagui]  [33mnative[0m signup-screen              ·    5 found   ·    4 opt   ·    3 flat    42ms 
|  🐥 [tamagui]  [33mnative[0m password-checklist         ·    2 found   ·    2 opt   ·    2 flat    11ms 
|  🐥 [tamagui]  [33mnative[0m password-requirements-     ·    1 found   ·    1 opt   ·    1 flat     8ms 
|  🐥 [tamagui]  [33mnative[0m social-auth-button         ·    1 found   ·    1 opt   ·    0 flat    12ms 
|  🐥 [tamagui]  [33mnative[0m terms-text                 ·    1 found   ·    1 opt   ·    1 flat    12ms 
|  🐥 [tamagui]  [33mnative[0m login-form                 ·    2 found   ·    2 opt   ·    2 flat    12ms 
|  🐥 [tamagui]  [33mnative[0m login-screen               ·    5 found   ·    4 opt   ·    3 flat    33ms 
|  🐥 [tamagui]  [33mnative[0m forgot-password-screen     ·    5 found   ·    4 opt   ·    3 flat    25ms 
|  🐥 [tamagui]  [33mnative[0m set-new-password-form      ·    3 found   ·    3 opt   ·    3 flat    22ms 
|  🐥 [tamagui]  [33mnative[0m interior-glow              ·    2 found   ·    2 opt   ·    1 flat    26ms 
|  🐥 [tamagui]  [33mnative[0m top-glow                   ·    1 found   ·    1 opt   ·    0 flat    13ms 
|  🐥 [tamagui]  [33mnative[0m alert                      ·    4 found   ·    4 opt   ·    0 flat   103ms 
|  🐥 [tamagui]  [33mnative[0m ready-glow                 ·    1 found   ·    1 opt   ·    0 flat    13ms 
|  🐥 [tamagui]  [33mnative[0m get-started-screen         ·    6 found   ·    5 opt   ·    1 flat    85ms 
|  🐥 [tamagui]  [33mnative[0m splash-screen              ·    2 found   ·    2 opt   ·    1 flat    78ms 
|  🐥 [tamagui]  [33mnative[0m mini-tile                  ·    6 found   ·    5 opt   ·    1 flat   136ms 
|  🐥 [tamagui]  [33mnative[0m splash-brand               ·    3 found   ·    3 opt   ·    0 flat    95ms 
|  🐥 [tamagui]  [33mnative[0m item-details-screen        ·    3 found   ·    2 opt   ·    1 flat    41ms 
|  🐥 [tamagui]  [33mnative[0m splash-ambient             ·    7 found   ·    6 opt   ·    1 flat   165ms 
|  🐥 [tamagui]  [33mnative[0m detail-card                ·    1 found   ·    1 opt   ·    0 flat    12ms 
|  🐥 [tamagui]  [33mnative[0m delete-item-modal          ·    6 found   ·    6 opt   ·    3 flat    44ms 
|  🐥 [tamagui]  [33mnative[0m screenshot-preview         ·    1 found   ·    1 opt   ·    1 flat    11ms 
|  🐥 [tamagui]  [33mnative[0m item-details-header        ·    5 found   ·    5 opt   ·    2 flat    34ms 
|  🐥 [tamagui]  [33mnative[0m item-metadata-card         ·    2 found   ·    2 opt   ·    2 flat    20ms 
|  🐥 [tamagui]  [33mnative[0m item-action-menu           ·    4 found   ·    4 opt   ·    1 flat    50ms 
|  🐥 [tamagui]  [33mnative[0m metadata-row               ·    1 found   ·    1 opt   ·    1 flat     7ms 
|  🐥 [tamagui]  [33mnative[0m splash-logo-primitives     ·    6 found   ·    6 opt   ·    0 flat   234ms 
|  🐥 [tamagui]  [33mnative[0m notifications-screen       ·    5 found   ·    5 opt   ·    4 flat    40ms 
|  🐥 [tamagui]  [33mnative[0m edit-item-screen           ·    8 found   ·    7 opt   ·    4 flat    73ms 
|  🐥 [tamagui]  [33mnative[0m notification-card          ·    5 found   ·    5 opt   ·    3 flat    53ms 
|  🐥 [tamagui]  [33mnative[0m progress-dots              ·    2 found   ·    2 opt   ·    0 flat    27ms 
|  🐥 [tamagui]  [33mnative[0m profile-screen             ·    6 found   ·    6 opt   ·    3 flat    47ms 
|  🐥 [tamagui]  [33mnative[0m onboarding-screen          ·   10 found   ·    8 opt   ·    1 flat   147ms 
|  🐥 [tamagui]  [33mnative[0m organize-illustration      ·    9 found   ·    8 opt   ·    1 flat   136ms 
|  🐥 [tamagui]  [33mnative[0m profile-stats-card         ·    2 found   ·    2 opt   ·    1 flat    13ms 
|  🐥 [tamagui]  [33mnative[0m settings-list-item         ·    2 found   ·    2 opt   ·    1 flat    19ms 
|  🐥 [tamagui]  [33mnative[0m save-everything-illust     ·   12 found   ·   11 opt   ·    2 flat   145ms 
|  🐥 [tamagui]  [33mnative[0m profile-header             ·    3 found   ·    3 opt   ·    2 flat    46ms 
|  🐥 [tamagui]  [33mnative[0m search-illustration        ·   10 found   ·   10 opt   ·    1 flat   166ms 
|  🐥 [tamagui]  [33mnative[0m storage-screen             ·    3 found   ·    3 opt   ·    2 flat    26ms 
|  🐥 [tamagui]  [33mnative[0m settings-toggle            ·    1 found   ·    1 opt   ·    0 flat    25ms 
|  🐥 [tamagui]  [33mnative[0m account-form               ·    2 found   ·    2 opt   ·    2 flat    12ms 
|  🐥 [tamagui]  [33mnative[0m storage-breakdown-card     ·    2 found   ·    2 opt   ·    1 flat    15ms 
|  🐥 [tamagui]  [33mnative[0m placeholder-screen         ·    1 found   ·    1 opt   ·    0 flat     9ms 
|  🐥 [tamagui]  [33mnative[0m trash-search-bar           ·    1 found   ·    1 opt   ·    1 flat    10ms 
|  🐥 [tamagui]  [33mnative[0m trash-screen               ·    6 found   ·    6 opt   ·    4 flat    47ms 
|  🐥 [tamagui]  [33mnative[0m search-screen              ·    5 found   ·    5 opt   ·    4 flat    25ms 
|  🐥 [tamagui]  [33mnative[0m empty-search-state         ·    3 found   ·    3 opt   ·    3 flat    17ms 
|  🐥 [tamagui]  [33mnative[0m search-input               ·    1 found   ·    1 opt   ·    1 flat     8ms 
|  🐥 [tamagui]  [33mnative[0m search-results-list        ·    2 found   ·    2 opt   ·    2 flat    12ms 
|  🐥 [tamagui]  [33mnative[0m search-summary             ·    1 found   ·    1 opt   ·    1 flat     9ms 
|  🐥 [tamagui]  [33mnative[0m collection-search-bar      ·    1 found   ·    1 opt   ·    1 flat     9ms 
|  🐥 [tamagui]  [33mnative[0m avatar                     ·    1 found   ·    1 opt   ·    0 flat    20ms 
|  🐥 [tamagui]  [33mnative[0m collection-header          ·    3 found   ·    3 opt   ·    2 flat    15ms 
|  🐥 [tamagui]  [33mnative[0m collection-color-picke     ·    3 found   ·    3 opt   ·    2 flat    42ms 
|  🐥 [tamagui]  [33mnative[0m more-actions-menu          ·    4 found   ·    4 opt   ·    1 flat    34ms 
|  🐥 [tamagui]  [33mnative[0m select-item-type-scree     ·    5 found   ·    4 opt   ·    3 flat    25ms 
|  🐥 [tamagui]  [33mnative[0m item-type-card             ·    3 found   ·    3 opt   ·    2 flat    22ms 
|  🐥 [tamagui]  [33mnative[0m screenshot-form            ·    2 found   ·    2 opt   ·    2 flat    11ms 
|  🐥 [tamagui]  [33mnative[0m signup-form                ·    1 found   ·    1 opt   ·    1 flat     7ms 
|  🐥 [tamagui]  [33mnative[0m forgot-password-form       ·    2 found   ·    2 opt   ·    2 flat    11ms 
|  🐥 [tamagui]  [33mnative[0m hero-illustration          ·    1 found   ·    1 opt   ·    0 flat    13ms 
|  🐥 [tamagui]  [33mnative[0m set-new-password-scree     ·    5 found   ·    4 opt   ·    3 flat    20ms 
|  🐥 [tamagui]  [33mnative[0m memory-rail                ·    3 found   ·    1 opt   ·    0 flat    34ms 
|  🐥 [tamagui]  [33mnative[0m link-content-card          ·    3 found   ·    3 opt   ·    3 flat    15ms 
|  🐥 [tamagui]  [33mnative[0m file-preview-card          ·    7 found   ·    7 opt   ·    3 flat    37ms 
|  🐥 [tamagui]  [33mnative[0m account-screen             ·    3 found   ·    3 opt   ·    2 flat    24ms 
|  🐥 [tamagui]  [33mnative[0m sign-out-modal             ·    6 found   ·    6 opt   ·    3 flat    30ms 
|  🐥 [tamagui]  [33mnative[0m storage-summary-card       ·    5 found   ·    5 opt   ·    4 flat    27ms 
|  🐥 [tamagui]  [33mnative[0m trash-item-card            ·    6 found   ·    6 opt   ·    3 flat    30ms 
|  🐥 [tamagui]  [33mnative[0m search-header              ·    3 found   ·    3 opt   ·    2 flat    15ms 
|  🐥 [tamagui]  [33mnative[0m home-screen                ·    6 found   ·    6 opt   ·    5 flat   267ms 
|  🐥 [tamagui]  [33mnative[0m collection-card            ·    2 found   ·    2 opt   ·    0 flat    60ms 
|  🐥 [tamagui]  [33mnative[0m text                       ·    0 found   ·    0 opt   ·    0 flat    19ms 
|  🐥 [tamagui]  [33mnative[0m section-header             ·    1 found   ·    1 opt   ·    1 flat    22ms 
|  🐥 [tamagui]  [33mnative[0m button                     ·    1 found   ·    1 opt   ·    1 flat    17ms 
|  🐥 [tamagui]  [33mnative[0m home-header                ·    4 found   ·    4 opt   ·    2 flat    29ms 
|  🐥 [tamagui]  [33mnative[0m empty-collections-stat     ·    3 found   ·    3 opt   ·    3 flat    25ms 
|  🐥 [tamagui]  [33mnative[0m collection-icon-picker     ·    3 found   ·    3 opt   ·    2 flat    25ms 
|  🐥 [tamagui]  [33mnative[0m collection-card            ·    5 found   ·    5 opt   ·    3 flat    35ms 
|  🐥 [tamagui]  [33mnative[0m delete-collection-moda     ·    6 found   ·    6 opt   ·    3 flat    64ms 
|  🐥 [tamagui]  [33mnative[0m input                      ·    2 found   ·    1 opt   ·    0 flat    87ms 
|  🐥 [tamagui]  [33mnative[0m sync-banner                ·    2 found   ·    2 opt   ·    0 flat    37ms 
|  🐥 [tamagui]  [33mnative[0m quick-capture-card         ·    2 found   ·    2 opt   ·    1 flat    27ms 
|  🐥 [tamagui]  [33mnative[0m recent-item-card           ·    4 found   ·    4 opt   ·    3 flat    24ms 
|  🐥 [tamagui]  [33mnative[0m collections-list-scree     ·    3 found   ·    3 opt   ·    2 flat    35ms 
|  🐥 [tamagui]  [33mnative[0m collection-form            ·    3 found   ·    3 opt   ·    3 flat    15ms 
|  🐥 [tamagui]  [33mnative[0m collection-details-scr     ·    8 found   ·    8 opt   ·    6 flat    86ms 
|  🐥 [tamagui]  [33mnative[0m collections-section        ·    3 found   ·    3 opt   ·    3 flat    23ms 
|  🐥 [tamagui]  [33mnative[0m empty-state-card           ·    3 found   ·    3 opt   ·    3 flat    20ms 
|  🐥 [tamagui]  [33mnative[0m saved-type-icon            ·    1 found   ·    1 opt   ·    0 flat    62ms 
|  🐥 [tamagui]  [33mnative[0m floating-action-button     ·    1 found   ·    1 opt   ·    0 flat    10ms 
|  🐥 [tamagui]  [33mnative[0m file-form                  ·    3 found   ·    3 opt   ·    3 flat    45ms 
|  🐥 [tamagui]  [33mnative[0m quick-capture-section      ·    3 found   ·    3 opt   ·    3 flat    23ms 
|  🐥 [tamagui]  [33mnative[0m link-form                  ·    4 found   ·    4 opt   ·    4 flat    26ms 
|  🐥 [tamagui]  [33mnative[0m collection-filter-chip     ·    3 found   ·    2 opt   ·    1 flat    80ms 
|  🐥 [tamagui]  [33mnative[0m image-preview              ·    1 found   ·    1 opt   ·    0 flat    26ms 
|  🐥 [tamagui]  [33mnative[0m bottom-navigation          ·    4 found   ·    4 opt   ·    1 flat    75ms 
|  🐥 [tamagui]  [33mnative[0m auth-divider               ·    3 found   ·    3 opt   ·    3 flat   138ms 
|  🐥 [tamagui]  [33mnative[0m collection-form-screen     ·    5 found   ·    4 opt   ·    2 flat   132ms 
|  🐥 [tamagui]  [33mnative[0m ready-glow                 ·    1 found   ·    1 opt   ·    0 flat    41ms 
|  🐥 [tamagui]  [33mnative[0m rich-text-editor           ·    1 found   ·    1 opt   ·    0 flat    10ms 
|  🐥 [tamagui]  [33mnative[0m item-details-screen        ·    3 found   ·    2 opt   ·    1 flat    96ms 
|  🐥 [tamagui]  [33mnative[0m save-success-preview-c     ·    3 found   ·    3 opt   ·    2 flat    49ms 
|  🐥 [tamagui]  [33mnative[0m password-checklist         ·    2 found   ·    2 opt   ·    2 flat    19ms 
|  🐥 [tamagui]  [33mnative[0m top-glow                   ·    1 found   ·    1 opt   ·    0 flat   422ms 
|  🐥 [tamagui]  [33mnative[0m upload-card                ·    2 found   ·    2 opt   ·    1 flat    77ms 
|  🐥 [tamagui]  [33mnative[0m onboarding-screen          ·   10 found   ·    8 opt   ·    1 flat   753ms 
|  🐥 [tamagui]  [33mnative[0m account-form               ·    2 found   ·    2 opt   ·    2 flat    34ms 
|  🐥 [tamagui]  [33mnative[0m social-auth-button         ·    1 found   ·    1 opt   ·    0 flat    58ms 
|  🐥 [tamagui]  [33mnative[0m auth-header                ·    3 found   ·    3 opt   ·    2 flat    78ms 
|  🐥 [tamagui]  [33mnative[0m splash-ambient             ·    7 found   ·    6 opt   ·    1 flat   509ms 
|  🐥 [tamagui]  [33mnative[0m set-new-password-form      ·    3 found   ·    3 opt   ·    3 flat    58ms 
|  🐥 [tamagui]  [33mnative[0m search-screen              ·    5 found   ·    5 opt   ·    4 flat    48ms 
|  🐥 [tamagui]  [33mnative[0m login-screen               ·    5 found   ·    4 opt   ·    3 flat    52ms 
|  🐥 [tamagui]  [33mnative[0m metadata-row               ·    1 found   ·    1 opt   ·    1 flat    12ms 
|  🐥 [tamagui]  [33mnative[0m splash-screen              ·    2 found   ·    2 opt   ·    1 flat    65ms 
|  🐥 [tamagui]  [33mnative[0m mini-tile                  ·    6 found   ·    5 opt   ·    1 flat   115ms 
|  🐥 [tamagui]  [33mnative[0m detail-card                ·    1 found   ·    1 opt   ·    0 flat    23ms 
|  🐥 [tamagui]  [33mnative[0m item-action-menu           ·    4 found   ·    4 opt   ·    1 flat    77ms 
|  🐥 [tamagui]  [33mnative[0m screenshot-preview         ·    1 found   ·    1 opt   ·    1 flat     8ms 
|  🐥 [tamagui]  [33mnative[0m save-everything-illust     ·   12 found   ·   11 opt   ·    2 flat   215ms 
|  🐥 [tamagui]  [33mnative[0m add-item-header            ·    3 found   ·    3 opt   ·    1 flat    43ms 
|  🐥 [tamagui]  [33mnative[0m notification-card          ·    5 found   ·    5 opt   ·    3 flat    85ms 
|  🐥 [tamagui]  [33mnative[0m collection-selector        ·    6 found   ·    5 opt   ·    3 flat   114ms 
|  🐥 [tamagui]  [33mnative[0m profile-stats-card         ·    2 found   ·    2 opt   ·    1 flat    12ms 
|  🐥 [tamagui]  [33mnative[0m settings-toggle            ·    1 found   ·    1 opt   ·    0 flat    23ms 
|  🐥 [tamagui]  [33mnative[0m save-success-screen        ·    5 found   ·    5 opt   ·    4 flat    45ms 
|  🐥 [tamagui]  [33mnative[0m organize-illustration      ·    9 found   ·    8 opt   ·    1 flat   212ms 
|  🐥 [tamagui]  [33mnative[0m search-results-list        ·    2 found   ·    2 opt   ·    2 flat    20ms 
|  🐥 [tamagui]  [33mnative[0m storage-breakdown-card     ·    2 found   ·    2 opt   ·    1 flat    24ms 
|  🐥 [tamagui]  [33mnative[0m placeholder-screen         ·    1 found   ·    1 opt   ·    0 flat    12ms 
|  🐥 [tamagui]  [33mnative[0m get-started-screen         ·    6 found   ·    5 opt   ·    1 flat    96ms 
|  🐥 [tamagui]  [33mnative[0m file-preview-card          ·    3 found   ·    3 opt   ·    2 flat    26ms 
|  🐥 [tamagui]  [33mnative[0m search-summary             ·    1 found   ·    1 opt   ·    1 flat     7ms 
|  🐥 [tamagui]  [33mnative[0m link-preview-card          ·    8 found   ·    8 opt   ·    6 flat    48ms 
|  🐥 [tamagui]  [33mnative[0m upload-progress            ·    3 found   ·    3 opt   ·    2 flat    18ms 
|  🐥 [tamagui]  [33mnative[0m library-header             ·    3 found   ·    3 opt   ·    2 flat    56ms 
|  🐥 [tamagui]  [33mnative[0m editor-toolbar             ·    5 found   ·    5 opt   ·    4 flat    38ms 
|  🐥 [tamagui]  [33mnative[0m password-input             ·    1 found   ·    1 opt   ·    0 flat     7ms 
|  🐥 [tamagui]  [33mnative[0m login-form                 ·    2 found   ·    2 opt   ·    2 flat    12ms 
|  🐥 [tamagui]  [33mnative[0m splash-logo-primitives     ·    6 found   ·    6 opt   ·    0 flat   213ms 
|  🐥 [tamagui]  [33mnative[0m interior-glow              ·    2 found   ·    2 opt   ·    1 flat    26ms 
|  🐥 [tamagui]  [33mnative[0m signup-screen              ·    5 found   ·    4 opt   ·    3 flat    26ms 
|  🐥 [tamagui]  [33mnative[0m search-illustration        ·   10 found   ·   10 opt   ·    1 flat   147ms 
|  🐥 [tamagui]  [33mnative[0m edit-item-screen           ·    8 found   ·    7 opt   ·    4 flat    62ms 
|  🐥 [tamagui]  [33mnative[0m empty-search-state         ·    3 found   ·    3 opt   ·    3 flat    12ms 
|  🐥 [tamagui]  [33mnative[0m alert                      ·    4 found   ·    4 opt   ·    0 flat    71ms 
|  🐥 [tamagui]  [33mnative[0m item-details-header        ·    5 found   ·    5 opt   ·    2 flat    25ms 
|  🐥 [tamagui]  [33mnative[0m profile-screen             ·    6 found   ·    6 opt   ·    3 flat    38ms 
|  🐥 [tamagui]  [33mnative[0m splash-brand               ·    3 found   ·    3 opt   ·    0 flat    29ms 
|  🐥 [tamagui]  [33mnative[0m item-metadata-card         ·    2 found   ·    2 opt   ·    2 flat     7ms 
|  🐥 [tamagui]  [33mnative[0m storage-screen             ·    3 found   ·    3 opt   ·    2 flat    14ms 
|  🐥 [tamagui]  [33mnative[0m notifications-screen       ·    5 found   ·    5 opt   ·    4 flat    21ms 
|  🐥 [tamagui]  [33mnative[0m profile-header             ·    3 found   ·    3 opt   ·    2 flat    22ms 
|  🐥 [tamagui]  [33mnative[0m progress-dots              ·    2 found   ·    2 opt   ·    0 flat    11ms 
|  🐥 [tamagui]  [33mnative[0m trash-search-bar           ·    1 found   ·    1 opt   ·    1 flat     4ms 
|  🐥 [tamagui]  [33mnative[0m settings-list-item         ·    2 found   ·    2 opt   ·    1 flat    10ms 
|  🐥 [tamagui]  [33mnative[0m search-input               ·    1 found   ·    1 opt   ·    1 flat     4ms 
|  🐥 [tamagui]  [33mnative[0m trash-screen               ·    6 found   ·    6 opt   ·    4 flat    20ms 
 ERROR  Error: EPERM: operation not permitted, open 'C:\Users\USER\AppData\Local\Temp\metro-cache\c8\4aee8df1f09b9ab98df0016cc34e069a99141535a430b1c3ce7468884025ef4aeb46a7.mp'
    at async open (node:internal/fs/promises:640:25)
    at async Object.readFile (node:internal/fs/promises:1283:14)
    at async BinaryFileStore.get (C:\Users\USER\Documents\Recall\node_modules\@expo\metro-config\build\binary-file-store.js:52:20)
    at async Cache.get (C:\Users\USER\Documents\Recall\node_modules\metro-cache\src\Cache.js:31:19)
    at async Transformer.transformFile (C:\Users\USER\Documents\Recall\node_modules\metro\src\DeltaBundler\Transformer.js:111:16)
    at async bundler.transformFile (C:\Users\USER\Documents\Recall\node_modules\@expo\metro-config\build\serializer\packedMap.js:172:41)
    at async Object.transform (C:\Users\USER\Documents\Recall\node_modules\metro\src\lib\transformHelpers.js:139:12)
    at async transform (C:\Users\USER\Documents\Recall\node_modules\metro\src\DeltaBundler\Graph.js:176:26)
    at async visit (C:\Users\USER\Documents\Recall\node_modules\metro\src\DeltaBundler\buildSubgraph.js:80:29)
    at async Promise.all (index 2660)
    at async buildSubgraph (C:\Users\USER\Documents\Recall\node_modules\metro\src\DeltaBundler\buildSubgraph.js:105:3)
    at async Graph._buildDelta (C:\Users\USER\Documents\Recall\node_modules\metro\src\DeltaBundler\Graph.js:163:22)
    at async Graph.traverseDependencies (C:\Users\USER\Documents\Recall\node_modules\metro\src\DeltaBundler\Graph.js:50:19)
    at async DeltaCalculator._getChangedDependencies (C:\Users\USER\Documents\Recall\node_modules\metro\src\DeltaBundler\DeltaCalculator.js:200:42)
    at async DeltaCalculator.getDelta (C:\Users\USER\Documents\Recall\node_modules\metro\src\DeltaBundler\DeltaCalculator.js:74:16)
    at async DeltaBundler.getDelta (C:\Users\USER\Documents\Recall\node_modules\metro\src\DeltaBundler.js:55:12)
    at async IncrementalBundler.updateGraph (C:\Users\USER\Documents\Recall\node_modules\metro\src\IncrementalBundler.js:251:19)
    at async hmrServer._prepareMessage (C:\Users\USER\Documents\Recall\node_modules\expo\node_modules\@expo\cli\build\src\start\server\metro\instantiateMetro.js:458:45)
    at async HmrServer._handleFileChange (C:\Users\USER\Documents\Recall\node_modules\metro\src\HmrServer.js:268:21)
    at async C:\Users\USER\Documents\Recall\node_modules\metro\src\HmrServer.js:161:11
    at async execute (C:\Users\USER\Documents\Recall\node_modules\metro\src\lib\debounceAsyncQueue.js:16:17)
    at async execute (C:\Users\USER\Documents\Recall\node_modules\metro\src\lib\debounceAsyncQueue.js:20:7)
    at async Timeout._onTimeout (C:\Users\USER\Documents\Recall\node_modules\metro\src\lib\debounceAsyncQueue.js:34:11)
|  🐥 [tamagui]  [33mnative[0m avatar                     ·    1 found   ·    1 opt   ·    0 flat    28ms 
|  🐥 [tamagui]  [33mnative[0m collection-search-bar      ·    1 found   ·    1 opt   ·    1 flat    10ms 
|  🐥 [tamagui]  [33mnative[0m more-actions-menu          ·    4 found   ·    4 opt   ·    1 flat   103ms 
|  🐥 [tamagui]  [33mnative[0m collection-color-picke     ·    3 found   ·    3 opt   ·    2 flat    79ms 
|  🐥 [tamagui]  [33mnative[0m add-item-form-screen       ·    5 found   ·    4 opt   ·    2 flat   208ms 
|  🐥 [tamagui]  [33mnative[0m note-form                  ·    2 found   ·    2 opt   ·    2 flat    13ms 
|  🐥 [tamagui]  [33mnative[0m link-content-card          ·    3 found   ·    3 opt   ·    3 flat    27ms 
|  🐥 [tamagui]  [33mnative[0m signup-form                ·    1 found   ·    1 opt   ·    1 flat    10ms 
|  🐥 [tamagui]  [33mnative[0m collection-header          ·    3 found   ·    3 opt   ·    2 flat    23ms 
|  🐥 [tamagui]  [33mnative[0m forgot-password-screen     ·    5 found   ·    4 opt   ·    3 flat    51ms 
|  🐥 [tamagui]  [33mnative[0m file-preview-card          ·    7 found   ·    7 opt   ·    3 flat    71ms 
|  🐥 [tamagui]  [33mnative[0m set-new-password-scree     ·    5 found   ·    4 opt   ·    3 flat    26ms 
|  🐥 [tamagui]  [33mnative[0m memory-rail                ·    3 found   ·    1 opt   ·    0 flat    66ms 
|  🐥 [tamagui]  [33mnative[0m password-requirements-     ·    1 found   ·    1 opt   ·    1 flat     9ms 
|  🐥 [tamagui]  [33mnative[0m storage-summary-card       ·    5 found   ·    5 opt   ·    4 flat    24ms 
|  🐥 [tamagui]  [33mnative[0m hero-illustration          ·    1 found   ·    1 opt   ·    0 flat    15ms 
|  🐥 [tamagui]  [33mnative[0m account-screen             ·    3 found   ·    3 opt   ·    2 flat    27ms 
|  🐥 [tamagui]  [33mnative[0m screenshot-form            ·    2 found   ·    2 opt   ·    2 flat    27ms 
|  🐥 [tamagui]  [33mnative[0m search-bar                 ·    1 found   ·    1 opt   ·    0 flat    24ms 
|  🐥 [tamagui]  [33mnative[0m search-header              ·    3 found   ·    3 opt   ·    2 flat    17ms 
|  🐥 [tamagui]  [33mnative[0m archive-screen             ·    5 found   ·    5 opt   ·    4 flat    27ms 
|  🐥 [tamagui]  [33mnative[0m item-type-card             ·    3 found   ·    3 opt   ·    2 flat    11ms 
|  🐥 [tamagui]  [33mnative[0m terms-text                 ·    1 found   ·    1 opt   ·    1 flat     3ms 
|  🐥 [tamagui]  [33mnative[0m delete-item-modal          ·    6 found   ·    6 opt   ·    3 flat    17ms 
|  🐥 [tamagui]  [33mnative[0m sign-out-modal             ·    6 found   ·    6 opt   ·    3 flat    25ms 
|  🐥 [tamagui]  [33mnative[0m select-item-type-scree     ·    5 found   ·    4 opt   ·    3 flat    16ms 
|  🐥 [tamagui]  [33mnative[0m auth-footer                ·    1 found   ·    1 opt   ·    1 flat     3ms 
|  🐥 [tamagui]  [33mnative[0m forgot-password-form       ·    2 found   ·    2 opt   ·    2 flat     5ms 
|  🐥 [tamagui]  [33mnative[0m trash-item-card            ·    6 found   ·    6 opt   ·    3 flat    15ms 
|  🐥 [tamagui]  [33mnative[0m trash-item-card            ·    6 found   ·    6 opt   ·    3 flat    22ms 
Android Bundled 385ms node_modules\expo-router\entry.js (1 module)
 WARN  SafeAreaView has been deprecated and will be removed in a future release. Please use 'react-native-safe-area-context' instead. See https://github.com/AppAndFlow/react-native-safe-area-context
 ERROR  [Error: Uncaught (in promise, id: 0) Error: Not authenticated] 

Code: auth.service.ts
[0m [90m 14 |[39m   [36mconst[39m { data[33m,[39m error } [33m=[39m [36mawait[39m supabase[33m.[39mauth[33m.[39mgetUser()[33m;[39m
 [90m 15 |[39m   [36mif[39m (error [33m||[39m [33m![39mdata[33m.[39muser) {
[31m[1m>[22m[39m[90m 16 |[39m     [36mthrow[39m [36mnew[39m [33mError[39m([32m"Not authenticated"[39m)[33m;[39m
 [90m    |[39m                    [31m[1m^[22m[39m
 [90m 17 |[39m   }
 [90m 18 |[39m   [36mreturn[39m data[33m.[39muser[33m.[39mid[33m;[39m
 [90m 19 |[39m }[0m
Call Stack
  getCurrentUserId (src\services\auth.service.ts:16:20)
 WARN  [profile] load failed [Error: Not authenticated]
 WARN  [realtime] subscribe failed [Error: Not authenticated]
Android Bundled 369ms node_modules\expo-router\entry.js (1 module)
 WARN  SafeAreaView has been deprecated and will be removed in a future release. Please use 'react-native-safe-area-context' instead. See https://github.com/AppAndFlow/react-native-safe-area-context
 ERROR  [Error: Cannot find native module 'ExpoCrypto'] 

Code: secure-crypto.ts
[0m [90m 1 |[39m [36mimport[39m aesjs [36mfrom[39m [32m"aes-js"[39m[33m;[39m
[31m[1m>[22m[39m[90m 2 |[39m [36mimport[39m [33m*[39m [36mas[39m [33mCrypto[39m [36mfrom[39m [32m"expo-crypto"[39m[33m;[39m
 [90m   |[39m [31m[1m^[22m[39m
 [90m 3 |[39m [36mimport[39m [33m*[39m [36mas[39m [33mSecureStore[39m [36mfrom[39m [32m"expo-secure-store"[39m[33m;[39m
 [90m 4 |[39m
 [90m 5 |[39m [90m// At-rest encryption for locally-persisted data (session token, SQLite cache,[39m[0m
Call Stack
  <global> (src\services\crypto\secure-crypto.ts:2)
  <global> (src\services\supabase-client.ts:5)
 ERROR  [Error: Cannot find native module 'ExpoCrypto'] 

Code: secure-crypto.ts
[0m [90m 1 |[39m [36mimport[39m aesjs [36mfrom[39m [32m"aes-js"[39m[33m;[39m
[31m[1m>[22m[39m[90m 2 |[39m [36mimport[39m [33m*[39m [36mas[39m [33mCrypto[39m [36mfrom[39m [32m"expo-crypto"[39m[33m;[39m
 [90m   |[39m [31m[1m^[22m[39m
 [90m 3 |[39m [36mimport[39m [33m*[39m [36mas[39m [33mSecureStore[39m [36mfrom[39m [32m"expo-secure-store"[39m[33m;[39m
 [90m 4 |[39m
 [90m 5 |[39m [90m// At-rest encryption for locally-persisted data (session token, SQLite cache,[39m[0m
Call Stack
  <global> (src\services\crypto\secure-crypto.ts:2)
  <global> (src\services\supabase-client.ts:5)
 ERROR  [Error: Cannot find native module 'ExpoCrypto'] 

Code: secure-crypto.ts
[0m [90m 1 |[39m [36mimport[39m aesjs [36mfrom[39m [32m"aes-js"[39m[33m;[39m
[31m[1m>[22m[39m[90m 2 |[39m [36mimport[39m [33m*[39m [36mas[39m [33mCrypto[39m [36mfrom[39m [32m"expo-crypto"[39m[33m;[39m
 [90m   |[39m [31m[1m^[22m[39m
 [90m 3 |[39m [36mimport[39m [33m*[39m [36mas[39m [33mSecureStore[39m [36mfrom[39m [32m"expo-secure-store"[39m[33m;[39m
 [90m 4 |[39m
 [90m 5 |[39m [90m// At-rest encryption for locally-persisted data (session token, SQLite cache,[39m[0m
Call Stack
  <global> (src\services\crypto\secure-crypto.ts:2)
  <global> (src\services\supabase-client.ts:5)
 ERROR  [Error: Cannot find native module 'ExpoCrypto'] 

Code: secure-crypto.ts
[0m [90m 1 |[39m [36mimport[39m aesjs [36mfrom[39m [32m"aes-js"[39m[33m;[39m
[31m[1m>[22m[39m[90m 2 |[39m [36mimport[39m [33m*[39m [36mas[39m [33mCrypto[39m [36mfrom[39m [32m"expo-crypto"[39m[33m;[39m
 [90m   |[39m [31m[1m^[22m[39m
 [90m 3 |[39m [36mimport[39m [33m*[39m [36mas[39m [33mSecureStore[39m [36mfrom[39m [32m"expo-secure-store"[39m[33m;[39m
 [90m 4 |[39m
 [90m 5 |[39m [90m// At-rest encryption for locally-persisted data (session token, SQLite cache,[39m[0m
Call Stack
  <global> (src\services\crypto\secure-crypto.ts:2)
  <global> (src\services\supabase-client.ts:5)
 ERROR  [Error: Cannot find native module 'ExpoCrypto'] 

Code: secure-crypto.ts
[0m [90m 1 |[39m [36mimport[39m aesjs [36mfrom[39m [32m"aes-js"[39m[33m;[39m
[31m[1m>[22m[39m[90m 2 |[39m [36mimport[39m [33m*[39m [36mas[39m [33mCrypto[39m [36mfrom[39m [32m"expo-crypto"[39m[33m;[39m
 [90m   |[39m [31m[1m^[22m[39m
 [90m 3 |[39m [36mimport[39m [33m*[39m [36mas[39m [33mSecureStore[39m [36mfrom[39m [32m"expo-secure-store"[39m[33m;[39m
 [90m 4 |[39m
 [90m 5 |[39m [90m// At-rest encryption for locally-persisted data (session token, SQLite cache,[39m[0m
Call Stack
  <global> (src\services\crypto\secure-crypto.ts:2)
  <global> (src\services\supabase-client.ts:5)
|  🐥 [tamagui]  [33mnative[0m home-screen                ·    6 found   ·    6 opt   ·    5 flat   152ms 
|  🐥 [tamagui]  [33mnative[0m home-screen                ·    6 found   ·    6 opt   ·    5 flat    69ms 
|  🐥 [tamagui]  [33mnative[0m home-screen                ·    6 found   ·    6 opt   ·    5 flat    26ms 
|  🐥 [tamagui]  [33mnative[0m stack                      ·    0 found   ·    0 opt   ·    0 flat     2ms 
|  🐥 [tamagui]  [33mnative[0m collections-list-scree     ·    3 found   ·    3 opt   ·    2 flat   112ms 
|  🐥 [tamagui]  [33mnative[0m collections-list-scree     ·    3 found   ·    3 opt   ·    2 flat    26ms 
|  🐥 [tamagui]  [33mnative[0m collections-list-scree     ·    3 found   ·    3 opt   ·    2 flat    32ms 
